Log file open, 01/02/22 15:07:09
LogInit: Display: Running engine for game: MetroidvaniaCamCode
LogPlatformFile: Not using cached read wrapper
LogTaskGraph: Started task graph with 5 named threads and 47 total threads with 3 sets of task threads.
LogStats: Stats thread started at 0.272455
LogD3D11RHI: Loaded GFSDK_Aftermath_Lib.x64.dll
LogICUInternationalization: ICU TimeZone Detection - Raw Offset: -3:00, Platform Override: ''
LogPluginManager: Mounting plugin Paper2D
LogPluginManager: Mounting plugin AISupport
LogPluginManager: Mounting plugin LightPropagationVolume
LogPluginManager: Mounting plugin CameraShakePreviewer
LogPluginManager: Mounting plugin ActorLayerUtilities
LogPluginManager: Mounting plugin AnimationSharing
LogPluginManager: Mounting plugin CLionSourceCodeAccess
LogPluginManager: Mounting plugin CodeLiteSourceCodeAccess
LogPluginManager: Mounting plugin GitSourceControl
LogPluginManager: Mounting plugin KDevelopSourceCodeAccess
LogPluginManager: Mounting plugin NullSourceCodeAccess
LogPluginManager: Mounting plugin PerforceSourceControl
LogPluginManager: Mounting plugin PlasticSourceControl
LogPluginManager: Mounting plugin RiderSourceCodeAccess
LogPluginManager: Mounting plugin SubversionSourceControl
LogPluginManager: Mounting plugin UObjectPlugin
LogPluginManager: Mounting plugin VisualStudioCodeSourceCodeAccess
LogPluginManager: Mounting plugin VisualStudioSourceCodeAccess
LogPluginManager: Mounting plugin XCodeSourceCodeAccess
LogPluginManager: Mounting plugin AssetManagerEditor
LogPluginManager: Mounting plugin CryptoKeys
LogPluginManager: Mounting plugin CurveEditorTools
LogPluginManager: Mounting plugin DataValidation
LogPluginManager: Mounting plugin EditorScriptingUtilities
LogPluginManager: Mounting plugin FacialAnimation
LogPluginManager: Mounting plugin GameplayTagsEditor
LogPluginManager: Mounting plugin GeometryMode
LogPluginManager: Mounting plugin MacGraphicsSwitching
LogPluginManager: Mounting plugin MaterialAnalyzer
LogPluginManager: Mounting plugin MobileLauncherProfileWizard
LogPluginManager: Mounting plugin PluginBrowser
LogPluginManager: Mounting plugin SpeedTreeImporter
LogPluginManager: Mounting plugin DatasmithContent
LogPluginManager: Mounting plugin VariantManagerContent
LogPluginManager: Mounting plugin AlembicImporter
LogPluginManager: Mounting plugin AutomationUtils
LogPluginManager: Mounting plugin BackChannel
LogPluginManager: Mounting plugin ChaosCloth
LogPluginManager: Mounting plugin ChaosClothEditor
LogPluginManager: Mounting plugin ChaosEditor
LogPluginManager: Mounting plugin ChaosNiagara
LogPluginManager: Mounting plugin ChaosSolverPlugin
LogPluginManager: Mounting plugin CharacterAI
LogPluginManager: Mounting plugin GeometryCache
LogPluginManager: Mounting plugin GeometryCollectionPlugin
LogPluginManager: Mounting plugin GeometryProcessing
LogPluginManager: Mounting plugin PlanarCut
LogPluginManager: Mounting plugin PlatformCrypto
LogPluginManager: Mounting plugin ProxyLODPlugin
LogPluginManager: Mounting plugin SkeletalReduction
LogPluginManager: Mounting plugin Niagara
LogPluginManager: Mounting plugin MagicLeap
LogPluginManager: Mounting plugin MagicLeapLightEstimation
LogPluginManager: Mounting plugin MagicLeapMedia
LogPluginManager: Mounting plugin MagicLeapPassableWorld
LogPluginManager: Mounting plugin MLSDK
LogPluginManager: Mounting plugin AndroidMedia
LogPluginManager: Mounting plugin AvfMedia
LogPluginManager: Mounting plugin ImgMedia
LogPluginManager: Mounting plugin MediaCompositing
LogPluginManager: Mounting plugin MediaPlayerEditor
LogPluginManager: Mounting plugin WebMMedia
LogPluginManager: Mounting plugin WmfMedia
LogPluginManager: Mounting plugin MeshPainting
LogPluginManager: Mounting plugin TcpMessaging
LogPluginManager: Mounting plugin UdpMessaging
LogPluginManager: Mounting plugin ActorSequence
LogPluginManager: Mounting plugin LevelSequenceEditor
LogPluginManager: Mounting plugin MatineeToLevelSequence
LogPluginManager: Mounting plugin MovieRenderPipeline
LogPluginManager: Mounting plugin TemplateSequence
LogPluginManager: Mounting plugin NetcodeUnitTest
LogPluginManager: Mounting plugin NUTUnrealEngine4
LogPluginManager: Mounting plugin OnlineSubsystemGooglePlay
LogPluginManager: Mounting plugin OnlineSubsystemIOS
LogPluginManager: Mounting plugin OnlineSubsystem
LogPluginManager: Mounting plugin OnlineSubsystemNull
LogPluginManager: Mounting plugin OnlineSubsystemUtils
LogPluginManager: Mounting plugin LauncherChunkInstaller
LogPluginManager: Mounting plugin AndroidDeviceProfileSelector
LogPluginManager: Mounting plugin AndroidMoviePlayer
LogPluginManager: Mounting plugin AndroidPermission
LogPluginManager: Mounting plugin AppleImageUtils
LogPluginManager: Mounting plugin AppleMoviePlayer
LogPluginManager: Mounting plugin ArchVisCharacter
LogPluginManager: Mounting plugin AssetTags
LogPluginManager: Mounting plugin AudioCapture
LogPluginManager: Mounting plugin CableComponent
LogPluginManager: Mounting plugin CustomMeshComponent
LogPluginManager: Mounting plugin EditableMesh
LogPluginManager: Mounting plugin ExampleDeviceProfileSelector
LogPluginManager: Mounting plugin GoogleCloudMessaging
LogPluginManager: Mounting plugin GooglePAD
LogPluginManager: Mounting plugin IOSDeviceProfileSelector
LogPluginManager: Mounting plugin LinuxDeviceProfileSelector
LogPluginManager: Mounting plugin LocationServicesBPLibrary
LogPluginManager: Mounting plugin MobilePatchingUtils
LogPluginManager: Mounting plugin OculusVR
LogPluginManager: Mounting plugin PhysXVehicles
LogPluginManager: Mounting plugin PostSplashScreen
LogPluginManager: Mounting plugin ProceduralMeshComponent
LogPluginManager: Mounting plugin RuntimePhysXCooking
LogPluginManager: Mounting plugin SignificanceManager
LogPluginManager: Mounting plugin SoundFields
LogPluginManager: Mounting plugin SteamVR
LogPluginManager: Mounting plugin Synthesis
LogPluginManager: Mounting plugin WebMMoviePlayer
LogPluginManager: Mounting plugin WindowsMoviePlayer
LogPluginManager: Mounting plugin ScreenshotTools
LogInit: Using libcurl 7.55.1-DEV
LogInit:  - built for x86_64-pc-win32
LogInit:  - supports SSL with OpenSSL/1.1.1
LogInit:  - supports HTTP deflate (compression) using libz 1.2.8
LogInit:  - other features:
LogInit:      CURL_VERSION_SSL
LogInit:      CURL_VERSION_LIBZ
LogInit:      CURL_VERSION_IPV6
LogInit:      CURL_VERSION_ASYNCHDNS
LogInit:      CURL_VERSION_LARGEFILE
LogInit:      CURL_VERSION_IDN
LogInit:  CurlRequestOptions (configurable via config and command line):
LogInit:  - bVerifyPeer = true  - Libcurl will verify peer certificate
LogInit:  - bUseHttpProxy = false  - Libcurl will NOT use HTTP proxy
LogInit:  - bDontReuseConnections = false  - Libcurl will reuse connections
LogInit:  - MaxHostConnections = 16  - Libcurl will limit the number of connections to a host
LogInit:  - LocalHostAddr = Default
LogInit:  - BufferSize = 65536
LogOnline: OSS: Creating online subsystem instance for: NULL
LogInit: WinSock: version 1.1 (2.2), MaxSocks=32767, MaxUdp=65467
LogOnline: OSS: TryLoadSubsystemAndSetDefault: Loaded subsystem for module [NULL]
LogInit: Build: ++UE4+Release-4.25-CL-14469661
LogInit: Engine Version: 4.25.4-14469661+++UE4+Release-4.25
LogInit: Compatible Engine Version: 4.25.0-13144385+++UE4+Release-4.25
LogInit: Net CL: 13144385
LogInit: OS: Windows 10 (Release 2009) (), CPU: AMD Ryzen 7 1800X Eight-Core Processor         , GPU: Radeon RX 580 Series
LogInit: Compiled (64-bit): Oct 11 2020 08:10:49
LogInit: Compiled with Visual C++: 19.24.28315.00
LogInit: Build Configuration: Development
LogInit: Branch Name: ++UE4+Release-4.25
LogInit: Command Line:  -EpicPortal -epicusername="Mr Keller" -epicuserid=9f1de3ff006241d796ec4e5c4984e83d -epiclocale=pt-BR -epicsandboxid=ue
LogInit: Base Directory: D:/Epic Games/UE_4.25/Engine/Binaries/Win64/
LogInit: Allocator: TBB
LogInit: Installed Engine Build: 1
LogDevObjectVersion: Number of dev versions registered: 26
LogDevObjectVersion:   Dev-Blueprints (B0D832E4-1F89-4F0D-ACCF-7EB736FD4AA2): 10
LogDevObjectVersion:   Dev-Build (E1C64328-A22C-4D53-A36C-8E866417BD8C): 0
LogDevObjectVersion:   Dev-Core (375EC13C-06E4-48FB-B500-84F0262A717E): 4
LogDevObjectVersion:   Dev-Editor (E4B068ED-F494-42E9-A231-DA0B2E46BB41): 38
LogDevObjectVersion:   Dev-Framework (CFFC743F-43B0-4480-9391-14DF171D2073): 37
LogDevObjectVersion:   Dev-Mobile (B02B49B5-BB20-44E9-A304-32B752E40360): 2
LogDevObjectVersion:   Dev-Networking (A4E4105C-59A1-49B5-A7C5-40C4547EDFEE): 0
LogDevObjectVersion:   Dev-Online (39C831C9-5AE6-47DC-9A44-9C173E1C8E7C): 0
LogDevObjectVersion:   Dev-Physics (78F01B33-EBEA-4F98-B9B4-84EACCB95AA2): 4
LogDevObjectVersion:   Dev-Platform (6631380F-2D4D-43E0-8009-CF276956A95A): 0
LogDevObjectVersion:   Dev-Rendering (12F88B9F-8875-4AFC-A67C-D90C383ABD29): 43
LogDevObjectVersion:   Dev-Sequencer (7B5AE74C-D270-4C10-A958-57980B212A5A): 12
LogDevObjectVersion:   Dev-VR (D7296918-1DD6-4BDD-9DE2-64A83CC13884): 3
LogDevObjectVersion:   Dev-LoadTimes (C2A15278-BFE7-4AFE-6C17-90FF531DF755): 1
LogDevObjectVersion:   Private-Geometry (6EACA3D4-40EC-4CC1-B786-8BED09428FC5): 3
LogDevObjectVersion:   Dev-AnimPhys (29E575DD-E0A3-4627-9D10-D276232CDCEA): 17
LogDevObjectVersion:   Dev-Anim (AF43A65D-7FD3-4947-9873-3E8ED9C1BB05): 7
LogDevObjectVersion:   Dev-ReflectionCapture (6B266CEC-1EC7-4B8F-A30B-E4D90942FC07): 1
LogDevObjectVersion:   Dev-Automation (0DF73D61-A23F-47EA-B727-89E90C41499A): 1
LogDevObjectVersion:   FortniteMain (601D1886-AC64-4F84-AA16-D3DE0DEAC7D6): 31
LogDevObjectVersion:   Dev-Enterprise (9DFFBCD6-494F-0158-E221-12823C92A888): 10
LogDevObjectVersion:   Dev-Niagara (F2AED0AC-9AFE-416F-8664-AA7FFA26D6FC): 1
LogDevObjectVersion:   Dev-Destruction (174F1F0B-B4C6-45A5-B13F-2EE8D0FB917D): 10
LogDevObjectVersion:   Dev-Physics-Ext (35F94A83-E258-406C-A318-09F59610247C): 37
LogDevObjectVersion:   Dev-PhysicsMaterial-Chaos (B68FC16E-8B1B-42E2-B453-215C058844FE): 1
LogDevObjectVersion:   Dev-CineCamera (B2E18506-4273-CFC2-A54E-F4BB758BBA07): 1
LogInit: Presizing for max 25165824 objects, including 0 objects not considered by GC, pre-allocating 0 bytes for permanent pool.
LogConfig: Applying CVar settings from Section [/Script/Engine.StreamingSettings] File [C:/Users/Paulo/Documents/Workspace/Game-Development/Unreal/MetroidvaniaCamCode/Saved/Config/Windows/Engine.ini]
LogConfig: Setting CVar [[s.MinBulkDataSizeForAsyncLoading:131072]]
LogConfig: Setting CVar [[s.AsyncLoadingThreadEnabled:0]]
LogConfig: Setting CVar [[s.EventDrivenLoaderEnabled:1]]
LogConfig: Setting CVar [[s.WarnIfTimeLimitExceeded:0]]
LogConfig: Setting CVar [[s.TimeLimitExceededMultiplier:1.5]]
LogConfig: Setting CVar [[s.TimeLimitExceededMinTime:0.005]]
LogConfig: Setting CVar [[s.UseBackgroundLevelStreaming:1]]
LogConfig: Setting CVar [[s.PriorityAsyncLoadingExtraTime:15.0]]
LogConfig: Setting CVar [[s.LevelStreamingActorsUpdateTimeLimit:5.0]]
LogConfig: Setting CVar [[s.PriorityLevelStreamingActorsUpdateExtraTime:5.0]]
LogConfig: Setting CVar [[s.LevelStreamingComponentsRegistrationGranularity:10]]
LogConfig: Setting CVar [[s.UnregisterComponentsTimeLimit:1.0]]
LogConfig: Setting CVar [[s.LevelStreamingComponentsUnregistrationGranularity:5]]
LogConfig: Setting CVar [[s.FlushStreamingOnExit:1]]
LogInit: Object subsystem initialized
LogConfig: Setting CVar [[con.DebugEarlyDefault:1]]
LogConfig: Setting CVar [[r.setres:1280x720]]
[2022.01.02-18.07.10:535][  0]LogConfig: Setting CVar [[r.VSync:0]]
[2022.01.02-18.07.10:535][  0]LogConfig: Setting CVar [[r.RHICmdBypass:0]]
[2022.01.02-18.07.10:535][  0]LogConfig: Applying CVar settings from Section [/Script/Engine.RendererSettings] File [C:/Users/Paulo/Documents/Workspace/Game-Development/Unreal/MetroidvaniaCamCode/Saved/Config/Windows/Engine.ini]
[2022.01.02-18.07.10:536][  0]LogConfig: Setting CVar [[r.GPUCrashDebugging:0]]
[2022.01.02-18.07.10:536][  0]LogConfig: Applying CVar settings from Section [/Script/Engine.RendererOverrideSettings] File [C:/Users/Paulo/Documents/Workspace/Game-Development/Unreal/MetroidvaniaCamCode/Saved/Config/Windows/Engine.ini]
[2022.01.02-18.07.10:536][  0]LogConfig: Applying CVar settings from Section [/Script/Engine.StreamingSettings] File [C:/Users/Paulo/Documents/Workspace/Game-Development/Unreal/MetroidvaniaCamCode/Saved/Config/Windows/Engine.ini]
[2022.01.02-18.07.10:536][  0]LogConfig: Setting CVar [[s.MinBulkDataSizeForAsyncLoading:131072]]
[2022.01.02-18.07.10:536][  0]LogConfig: Setting CVar [[s.AsyncLoadingThreadEnabled:0]]
[2022.01.02-18.07.10:536][  0]LogConfig: Setting CVar [[s.EventDrivenLoaderEnabled:1]]
[2022.01.02-18.07.10:536][  0]LogConfig: Setting CVar [[s.WarnIfTimeLimitExceeded:0]]
[2022.01.02-18.07.10:536][  0]LogConfig: Setting CVar [[s.TimeLimitExceededMultiplier:1.5]]
[2022.01.02-18.07.10:536][  0]LogConfig: Setting CVar [[s.TimeLimitExceededMinTime:0.005]]
[2022.01.02-18.07.10:536][  0]LogConfig: Setting CVar [[s.UseBackgroundLevelStreaming:1]]
[2022.01.02-18.07.10:536][  0]LogConfig: Setting CVar [[s.PriorityAsyncLoadingExtraTime:15.0]]
[2022.01.02-18.07.10:536][  0]LogConfig: Setting CVar [[s.LevelStreamingActorsUpdateTimeLimit:5.0]]
[2022.01.02-18.07.10:536][  0]LogConfig: Setting CVar [[s.PriorityLevelStreamingActorsUpdateExtraTime:5.0]]
[2022.01.02-18.07.10:536][  0]LogConfig: Setting CVar [[s.LevelStreamingComponentsRegistrationGranularity:10]]
[2022.01.02-18.07.10:536][  0]LogConfig: Setting CVar [[s.UnregisterComponentsTimeLimit:1.0]]
[2022.01.02-18.07.10:536][  0]LogConfig: Setting CVar [[s.LevelStreamingComponentsUnregistrationGranularity:5]]
[2022.01.02-18.07.10:536][  0]LogConfig: Setting CVar [[s.FlushStreamingOnExit:1]]
[2022.01.02-18.07.10:536][  0]LogConfig: Applying CVar settings from Section [/Script/Engine.GarbageCollectionSettings] File [C:/Users/Paulo/Documents/Workspace/Game-Development/Unreal/MetroidvaniaCamCode/Saved/Config/Windows/Engine.ini]
[2022.01.02-18.07.10:536][  0]LogConfig: Setting CVar [[gc.MaxObjectsNotConsideredByGC:1]]
[2022.01.02-18.07.10:536][  0]LogConfig: Setting CVar [[gc.SizeOfPermanentObjectPool:0]]
[2022.01.02-18.07.10:536][  0]LogConfig: Setting CVar [[gc.FlushStreamingOnGC:0]]
[2022.01.02-18.07.10:536][  0]LogConfig: Setting CVar [[gc.NumRetriesBeforeForcingGC:10]]
[2022.01.02-18.07.10:536][  0]LogConfig: Setting CVar [[gc.AllowParallelGC:1]]
[2022.01.02-18.07.10:536][  0]LogConfig: Setting CVar [[gc.TimeBetweenPurgingPendingKillObjects:61.1]]
[2022.01.02-18.07.10:536][  0]LogConfig: Setting CVar [[gc.MaxObjectsInEditor:25165824]]
[2022.01.02-18.07.10:536][  0]LogConfig: Setting CVar [[gc.IncrementalBeginDestroyEnabled:1]]
[2022.01.02-18.07.10:536][  0]LogConfig: Setting CVar [[gc.CreateGCClusters:1]]
[2022.01.02-18.07.10:536][  0]LogConfig: Setting CVar [[gc.MinGCClusterSize:5]]
[2022.01.02-18.07.10:536][  0]LogConfig: Setting CVar [[gc.ActorClusteringEnabled:0]]
[2022.01.02-18.07.10:536][  0]LogConfig: Setting CVar [[gc.BlueprintClusteringEnabled:0]]
[2022.01.02-18.07.10:536][  0]LogConfig: Setting CVar [[gc.UseDisregardForGCOnDedicatedServers:0]]
[2022.01.02-18.07.10:536][  0]LogConfig: Applying CVar settings from Section [/Script/Engine.NetworkSettings] File [C:/Users/Paulo/Documents/Workspace/Game-Development/Unreal/MetroidvaniaCamCode/Saved/Config/Windows/Engine.ini]
[2022.01.02-18.07.10:536][  0]LogConfig: Applying CVar settings from Section [/Script/UnrealEd.CookerSettings] File [C:/Users/Paulo/Documents/Workspace/Game-Development/Unreal/MetroidvaniaCamCode/Saved/Config/Windows/Engine.ini]
[2022.01.02-18.07.10:543][  0]LogConfig: Applying CVar settings from Section [ViewDistanceQuality@3] File [C:/Users/Paulo/Documents/Workspace/Game-Development/Unreal/MetroidvaniaCamCode/Saved/Config/Windows/Scalability.ini]
[2022.01.02-18.07.10:543][  0]LogConfig: Setting CVar [[r.SkeletalMeshLODBias:0]]
[2022.01.02-18.07.10:543][  0]LogConfig: Setting CVar [[r.ViewDistanceScale:1.0]]
[2022.01.02-18.07.10:543][  0]LogConfig: Applying CVar settings from Section [AntiAliasingQuality@3] File [C:/Users/Paulo/Documents/Workspace/Game-Development/Unreal/MetroidvaniaCamCode/Saved/Config/Windows/Scalability.ini]
[2022.01.02-18.07.10:543][  0]LogConfig: Setting CVar [[r.PostProcessAAQuality:4]]
[2022.01.02-18.07.10:543][  0]LogConfig: Applying CVar settings from Section [ShadowQuality@3] File [C:/Users/Paulo/Documents/Workspace/Game-Development/Unreal/MetroidvaniaCamCode/Saved/Config/Windows/Scalability.ini]
[2022.01.02-18.07.10:543][  0]LogConfig: Setting CVar [[r.LightFunctionQuality:1]]
[2022.01.02-18.07.10:543][  0]LogConfig: Setting CVar [[r.ShadowQuality:5]]
[2022.01.02-18.07.10:543][  0]LogConfig: Setting CVar [[r.Shadow.CSM.MaxCascades:10]]
[2022.01.02-18.07.10:543][  0]LogConfig: Setting CVar [[r.Shadow.MaxResolution:2048]]
[2022.01.02-18.07.10:543][  0]LogConfig: Setting CVar [[r.Shadow.MaxCSMResolution:2048]]
[2022.01.02-18.07.10:543][  0]LogConfig: Setting CVar [[r.Shadow.RadiusThreshold:0.01]]
[2022.01.02-18.07.10:543][  0]LogConfig: Setting CVar [[r.Shadow.DistanceScale:1.0]]
[2022.01.02-18.07.10:543][  0]LogConfig: Setting CVar [[r.Shadow.CSM.TransitionScale:1.0]]
[2022.01.02-18.07.10:543][  0]LogConfig: Setting CVar [[r.Shadow.PreShadowResolutionFactor:1.0]]
[2022.01.02-18.07.10:543][  0]LogConfig: Setting CVar [[r.DistanceFieldShadowing:1]]
[2022.01.02-18.07.10:543][  0]LogConfig: Setting CVar [[r.DistanceFieldAO:1]]
[2022.01.02-18.07.10:543][  0]LogConfig: Setting CVar [[r.AOQuality:2]]
[2022.01.02-18.07.10:543][  0]LogConfig: Setting CVar [[r.VolumetricFog:1]]
[2022.01.02-18.07.10:543][  0]LogConfig: Setting CVar [[r.VolumetricFog.GridPixelSize:8]]
[2022.01.02-18.07.10:543][  0]LogConfig: Setting CVar [[r.VolumetricFog.GridSizeZ:128]]
[2022.01.02-18.07.10:543][  0]LogConfig: Setting CVar [[r.VolumetricFog.HistoryMissSupersampleCount:4]]
[2022.01.02-18.07.10:543][  0]LogConfig: Setting CVar [[r.LightMaxDrawDistanceScale:1]]
[2022.01.02-18.07.10:543][  0]LogConfig: Setting CVar [[r.CapsuleShadows:1]]
[2022.01.02-18.07.10:543][  0]LogConfig: Applying CVar settings from Section [PostProcessQuality@3] File [C:/Users/Paulo/Documents/Workspace/Game-Development/Unreal/MetroidvaniaCamCode/Saved/Config/Windows/Scalability.ini]
[2022.01.02-18.07.10:543][  0]LogConfig: Setting CVar [[r.MotionBlurQuality:4]]
[2022.01.02-18.07.10:543][  0]LogConfig: Setting CVar [[r.AmbientOcclusionMipLevelFactor:0.4]]
[2022.01.02-18.07.10:543][  0]LogConfig: Setting CVar [[r.AmbientOcclusionMaxQuality:100]]
[2022.01.02-18.07.10:543][  0]LogConfig: Setting CVar [[r.AmbientOcclusionLevels:-1]]
[2022.01.02-18.07.10:543][  0]LogConfig: Setting CVar [[r.AmbientOcclusionRadiusScale:1.0]]
[2022.01.02-18.07.10:543][  0]LogConfig: Setting CVar [[r.DepthOfFieldQuality:2]]
[2022.01.02-18.07.10:543][  0]LogConfig: Setting CVar [[r.RenderTargetPoolMin:400]]
[2022.01.02-18.07.10:543][  0]LogConfig: Setting CVar [[r.LensFlareQuality:2]]
[2022.01.02-18.07.10:543][  0]LogConfig: Setting CVar [[r.SceneColorFringeQuality:1]]
[2022.01.02-18.07.10:543][  0]LogConfig: Setting CVar [[r.EyeAdaptationQuality:2]]
[2022.01.02-18.07.10:543][  0]LogConfig: Setting CVar [[r.BloomQuality:5]]
[2022.01.02-18.07.10:543][  0]LogConfig: Setting CVar [[r.FastBlurThreshold:100]]
[2022.01.02-18.07.10:543][  0]LogConfig: Setting CVar [[r.Upscale.Quality:3]]
[2022.01.02-18.07.10:543][  0]LogConfig: Setting CVar [[r.Tonemapper.GrainQuantization:1]]
[2022.01.02-18.07.10:543][  0]LogConfig: Setting CVar [[r.LightShaftQuality:1]]
[2022.01.02-18.07.10:543][  0]LogConfig: Setting CVar [[r.Filter.SizeScale:1]]
[2022.01.02-18.07.10:543][  0]LogConfig: Setting CVar [[r.Tonemapper.Quality:5]]
[2022.01.02-18.07.10:543][  0]LogConfig: Setting CVar [[r.DOF.Gather.AccumulatorQuality:1        ; higher gathering accumulator quality]]
[2022.01.02-18.07.10:543][  0]LogConfig: Setting CVar [[r.DOF.Gather.PostfilterMethod:1          ; Median3x3 postfilering method]]
[2022.01.02-18.07.10:543][  0]LogConfig: Setting CVar [[r.DOF.Gather.EnableBokehSettings:0       ; no bokeh simulation when gathering]]
[2022.01.02-18.07.10:543][  0]LogConfig: Setting CVar [[r.DOF.Gather.RingCount:4                 ; medium number of samples when gathering]]
[2022.01.02-18.07.10:543][  0]LogConfig: Setting CVar [[r.DOF.Scatter.ForegroundCompositing:1    ; additive foreground scattering]]
[2022.01.02-18.07.10:543][  0]LogConfig: Setting CVar [[r.DOF.Scatter.BackgroundCompositing:2    ; additive background scattering]]
[2022.01.02-18.07.10:544][  0]LogConfig: Setting CVar [[r.DOF.Scatter.EnableBokehSettings:1      ; bokeh simulation when scattering]]
[2022.01.02-18.07.10:544][  0]LogConfig: Setting CVar [[r.DOF.Scatter.MaxSpriteRatio:0.1         ; only a maximum of 10% of scattered bokeh]]
[2022.01.02-18.07.10:544][  0]LogConfig: Setting CVar [[r.DOF.Recombine.Quality:1                ; cheap slight out of focus]]
[2022.01.02-18.07.10:544][  0]LogConfig: Setting CVar [[r.DOF.Recombine.EnableBokehSettings:0    ; no bokeh simulation on slight out of focus]]
[2022.01.02-18.07.10:544][  0]LogConfig: Setting CVar [[r.DOF.TemporalAAQuality:1                ; more stable temporal accumulation]]
[2022.01.02-18.07.10:544][  0]LogConfig: Setting CVar [[r.DOF.Kernel.MaxForegroundRadius:0.025]]
[2022.01.02-18.07.10:544][  0]LogConfig: Setting CVar [[r.DOF.Kernel.MaxBackgroundRadius:0.025]]
[2022.01.02-18.07.10:544][  0]LogConfig: Applying CVar settings from Section [TextureQuality@3] File [C:/Users/Paulo/Documents/Workspace/Game-Development/Unreal/MetroidvaniaCamCode/Saved/Config/Windows/Scalability.ini]
[2022.01.02-18.07.10:544][  0]LogConfig: Setting CVar [[r.Streaming.MipBias:0]]
[2022.01.02-18.07.10:544][  0]LogConfig: Setting CVar [[r.Streaming.AmortizeCPUToGPUCopy:0]]
[2022.01.02-18.07.10:544][  0]LogConfig: Setting CVar [[r.Streaming.MaxNumTexturesToStreamPerFrame:0]]
[2022.01.02-18.07.10:544][  0]LogConfig: Setting CVar [[r.Streaming.Boost:1]]
[2022.01.02-18.07.10:544][  0]LogConfig: Setting CVar [[r.MaxAnisotropy:8]]
[2022.01.02-18.07.10:544][  0]LogConfig: Setting CVar [[r.VT.MaxAnisotropy:8]]
[2022.01.02-18.07.10:544][  0]LogConfig: Setting CVar [[r.Streaming.LimitPoolSizeToVRAM:0]]
[2022.01.02-18.07.10:544][  0]LogConfig: Setting CVar [[r.Streaming.PoolSize:1000]]
[2022.01.02-18.07.10:544][  0]LogConfig: Setting CVar [[r.Streaming.MaxEffectiveScreenSize:0]]
[2022.01.02-18.07.10:544][  0]LogConfig: Applying CVar settings from Section [EffectsQuality@3] File [C:/Users/Paulo/Documents/Workspace/Game-Development/Unreal/MetroidvaniaCamCode/Saved/Config/Windows/Scalability.ini]
[2022.01.02-18.07.10:544][  0]LogConfig: Setting CVar [[r.TranslucencyLightingVolumeDim:64]]
[2022.01.02-18.07.10:544][  0]LogConfig: Setting CVar [[r.RefractionQuality:2]]
[2022.01.02-18.07.10:544][  0]LogConfig: Setting CVar [[r.SSR.Quality:3]]
[2022.01.02-18.07.10:544][  0]LogConfig: Setting CVar [[r.SSR.HalfResSceneColor:0]]
[2022.01.02-18.07.10:544][  0]LogConfig: Setting CVar [[r.SceneColorFormat:4]]
[2022.01.02-18.07.10:544][  0]LogConfig: Setting CVar [[r.DetailMode:2]]
[2022.01.02-18.07.10:544][  0]LogConfig: Setting CVar [[r.TranslucencyVolumeBlur:1]]
[2022.01.02-18.07.10:544][  0]LogConfig: Setting CVar [[r.MaterialQualityLevel:1 ; High quality]]
[2022.01.02-18.07.10:544][  0]LogConfig: Setting CVar [[r.SSS.Scale:1]]
[2022.01.02-18.07.10:544][  0]LogConfig: Setting CVar [[r.SSS.SampleSet:2]]
[2022.01.02-18.07.10:544][  0]LogConfig: Setting CVar [[r.SSS.Quality:1]]
[2022.01.02-18.07.10:544][  0]LogConfig: Setting CVar [[r.SSS.HalfRes:0]]
[2022.01.02-18.07.10:544][  0]LogConfig: Setting CVar [[r.SSGI.Quality:3]]
[2022.01.02-18.07.10:544][  0]LogConfig: Setting CVar [[r.EmitterSpawnRateScale:1.0]]
[2022.01.02-18.07.10:544][  0]LogConfig: Setting CVar [[r.ParticleLightQuality:2]]
[2022.01.02-18.07.10:544][  0]LogConfig: Setting CVar [[r.SkyAtmosphere.AerialPerspectiveLUT.FastApplyOnOpaque:1 ; Always have FastSkyLUT 1 in this case to avoid wrong sky]]
[2022.01.02-18.07.10:544][  0]LogConfig: Setting CVar [[r.SkyAtmosphere.AerialPerspectiveLUT.SampleCountPerSlice:1]]
[2022.01.02-18.07.10:544][  0]LogConfig: Setting CVar [[r.SkyAtmosphere.AerialPerspectiveLUT.DepthResolution:16.0]]
[2022.01.02-18.07.10:544][  0]LogConfig: Setting CVar [[r.SkyAtmosphere.FastSkyLUT:1]]
[2022.01.02-18.07.10:544][  0]LogConfig: Setting CVar [[r.SkyAtmosphere.FastSkyLUT.SampleCountMin:4.0]]
[2022.01.02-18.07.10:544][  0]LogConfig: Setting CVar [[r.SkyAtmosphere.FastSkyLUT.SampleCountMax:32.0]]
[2022.01.02-18.07.10:544][  0]LogConfig: Setting CVar [[r.SkyAtmosphere.SampleCountMin:4.0]]
[2022.01.02-18.07.10:544][  0]LogConfig: Setting CVar [[r.SkyAtmosphere.SampleCountMax:32.0]]
[2022.01.02-18.07.10:544][  0]LogConfig: Setting CVar [[r.SkyAtmosphere.TransmittanceLUT.UseSmallFormat:0]]
[2022.01.02-18.07.10:544][  0]LogConfig: Setting CVar [[r.SkyAtmosphere.TransmittanceLUT.SampleCount:10.0]]
[2022.01.02-18.07.10:544][  0]LogConfig: Setting CVar [[r.SkyAtmosphere.MultiScatteringLUT.SampleCount:15.0]]
[2022.01.02-18.07.10:544][  0]LogConfig: Applying CVar settings from Section [FoliageQuality@3] File [C:/Users/Paulo/Documents/Workspace/Game-Development/Unreal/MetroidvaniaCamCode/Saved/Config/Windows/Scalability.ini]
[2022.01.02-18.07.10:544][  0]LogConfig: Setting CVar [[foliage.DensityScale:1.0]]
[2022.01.02-18.07.10:544][  0]LogConfig: Setting CVar [[grass.DensityScale:1.0]]
[2022.01.02-18.07.10:544][  0]LogConfig: Applying CVar settings from Section [ShadingQuality@3] File [C:/Users/Paulo/Documents/Workspace/Game-Development/Unreal/MetroidvaniaCamCode/Saved/Config/Windows/Scalability.ini]
[2022.01.02-18.07.10:544][  0]LogConfig: Setting CVar [[r.HairStrands.SkyLighting.SampleCount:16]]
[2022.01.02-18.07.10:544][  0]LogConfig: Setting CVar [[r.HairStrands.SkyLighting.JitterIntegration:0]]
[2022.01.02-18.07.10:544][  0]LogConfig: Setting CVar [[r.HairStrands.SkyAO.SampleCount:16]]
[2022.01.02-18.07.10:544][  0]LogConfig: Setting CVar [[r.HairStrands.DeepShadow.SuperSampling:0]]
[2022.01.02-18.07.10:544][  0]LogConfig: Setting CVar [[r.HairStrands.VisibilityPPLL:0]]
[2022.01.02-18.07.10:544][  0]LogConfig: Setting CVar [[r.HairStrands.RasterizationScale:0.5]]
[2022.01.02-18.07.10:544][  0]LogConfig: Setting CVar [[r.HairStrands.VelocityRasterizationScale:1]]
[2022.01.02-18.07.10:544][  0]LogInit: Selected Device Profile: [Windows]
[2022.01.02-18.07.10:544][  0]LogInit: Applying CVar settings loaded from the selected device profile: [Windows]
[2022.01.02-18.07.10:545][  0]LogHAL: Display: Platform has ~ 16 GB [17105670144 / 17179869184 / 16], which maps to Larger [LargestMinGB=32, LargerMinGB=12, DefaultMinGB=8, SmallerMinGB=6, SmallestMinGB=0)
[2022.01.02-18.07.10:545][  0]LogInit: Going up to parent DeviceProfile []
[2022.01.02-18.07.10:545][  0]LogConfig: Applying CVar settings from Section [ViewDistanceQuality@3] File [C:/Users/Paulo/Documents/Workspace/Game-Development/Unreal/MetroidvaniaCamCode/Saved/Config/Windows/Scalability.ini]
[2022.01.02-18.07.10:545][  0]LogConfig: Setting CVar [[r.SkeletalMeshLODBias:0]]
[2022.01.02-18.07.10:545][  0]LogConfig: Setting CVar [[r.ViewDistanceScale:1.0]]
[2022.01.02-18.07.10:545][  0]LogConfig: Applying CVar settings from Section [AntiAliasingQuality@3] File [C:/Users/Paulo/Documents/Workspace/Game-Development/Unreal/MetroidvaniaCamCode/Saved/Config/Windows/Scalability.ini]
[2022.01.02-18.07.10:545][  0]LogConfig: Setting CVar [[r.PostProcessAAQuality:4]]
[2022.01.02-18.07.10:545][  0]LogConfig: Applying CVar settings from Section [ShadowQuality@3] File [C:/Users/Paulo/Documents/Workspace/Game-Development/Unreal/MetroidvaniaCamCode/Saved/Config/Windows/Scalability.ini]
[2022.01.02-18.07.10:545][  0]LogConfig: Setting CVar [[r.LightFunctionQuality:1]]
[2022.01.02-18.07.10:545][  0]LogConfig: Setting CVar [[r.ShadowQuality:5]]
[2022.01.02-18.07.10:545][  0]LogConfig: Setting CVar [[r.Shadow.CSM.MaxCascades:10]]
[2022.01.02-18.07.10:545][  0]LogConfig: Setting CVar [[r.Shadow.MaxResolution:2048]]
[2022.01.02-18.07.10:545][  0]LogConfig: Setting CVar [[r.Shadow.MaxCSMResolution:2048]]
[2022.01.02-18.07.10:545][  0]LogConfig: Setting CVar [[r.Shadow.RadiusThreshold:0.01]]
[2022.01.02-18.07.10:545][  0]LogConfig: Setting CVar [[r.Shadow.DistanceScale:1.0]]
[2022.01.02-18.07.10:545][  0]LogConfig: Setting CVar [[r.Shadow.CSM.TransitionScale:1.0]]
[2022.01.02-18.07.10:545][  0]LogConfig: Setting CVar [[r.Shadow.PreShadowResolutionFactor:1.0]]
[2022.01.02-18.07.10:545][  0]LogConfig: Setting CVar [[r.DistanceFieldShadowing:1]]
[2022.01.02-18.07.10:545][  0]LogConfig: Setting CVar [[r.DistanceFieldAO:1]]
[2022.01.02-18.07.10:545][  0]LogConfig: Setting CVar [[r.AOQuality:2]]
[2022.01.02-18.07.10:545][  0]LogConfig: Setting CVar [[r.VolumetricFog:1]]
[2022.01.02-18.07.10:545][  0]LogConfig: Setting CVar [[r.VolumetricFog.GridPixelSize:8]]
[2022.01.02-18.07.10:545][  0]LogConfig: Setting CVar [[r.VolumetricFog.GridSizeZ:128]]
[2022.01.02-18.07.10:545][  0]LogConfig: Setting CVar [[r.VolumetricFog.HistoryMissSupersampleCount:4]]
[2022.01.02-18.07.10:545][  0]LogConfig: Setting CVar [[r.LightMaxDrawDistanceScale:1]]
[2022.01.02-18.07.10:545][  0]LogConfig: Setting CVar [[r.CapsuleShadows:1]]
[2022.01.02-18.07.10:545][  0]LogConfig: Applying CVar settings from Section [PostProcessQuality@3] File [C:/Users/Paulo/Documents/Workspace/Game-Development/Unreal/MetroidvaniaCamCode/Saved/Config/Windows/Scalability.ini]
[2022.01.02-18.07.10:545][  0]LogConfig: Setting CVar [[r.MotionBlurQuality:4]]
[2022.01.02-18.07.10:545][  0]LogConfig: Setting CVar [[r.AmbientOcclusionMipLevelFactor:0.4]]
[2022.01.02-18.07.10:545][  0]LogConfig: Setting CVar [[r.AmbientOcclusionMaxQuality:100]]
[2022.01.02-18.07.10:545][  0]LogConfig: Setting CVar [[r.AmbientOcclusionLevels:-1]]
[2022.01.02-18.07.10:545][  0]LogConfig: Setting CVar [[r.AmbientOcclusionRadiusScale:1.0]]
[2022.01.02-18.07.10:545][  0]LogConfig: Setting CVar [[r.DepthOfFieldQuality:2]]
[2022.01.02-18.07.10:545][  0]LogConfig: Setting CVar [[r.RenderTargetPoolMin:400]]
[2022.01.02-18.07.10:545][  0]LogConfig: Setting CVar [[r.LensFlareQuality:2]]
[2022.01.02-18.07.10:545][  0]LogConfig: Setting CVar [[r.SceneColorFringeQuality:1]]
[2022.01.02-18.07.10:545][  0]LogConfig: Setting CVar [[r.EyeAdaptationQuality:2]]
[2022.01.02-18.07.10:545][  0]LogConfig: Setting CVar [[r.BloomQuality:5]]
[2022.01.02-18.07.10:545][  0]LogConfig: Setting CVar [[r.FastBlurThreshold:100]]
[2022.01.02-18.07.10:545][  0]LogConfig: Setting CVar [[r.Upscale.Quality:3]]
[2022.01.02-18.07.10:545][  0]LogConfig: Setting CVar [[r.Tonemapper.GrainQuantization:1]]
[2022.01.02-18.07.10:545][  0]LogConfig: Setting CVar [[r.LightShaftQuality:1]]
[2022.01.02-18.07.10:545][  0]LogConfig: Setting CVar [[r.Filter.SizeScale:1]]
[2022.01.02-18.07.10:545][  0]LogConfig: Setting CVar [[r.Tonemapper.Quality:5]]
[2022.01.02-18.07.10:545][  0]LogConfig: Setting CVar [[r.DOF.Gather.AccumulatorQuality:1        ; higher gathering accumulator quality]]
[2022.01.02-18.07.10:545][  0]LogConfig: Setting CVar [[r.DOF.Gather.PostfilterMethod:1          ; Median3x3 postfilering method]]
[2022.01.02-18.07.10:545][  0]LogConfig: Setting CVar [[r.DOF.Gather.EnableBokehSettings:0       ; no bokeh simulation when gathering]]
[2022.01.02-18.07.10:545][  0]LogConfig: Setting CVar [[r.DOF.Gather.RingCount:4                 ; medium number of samples when gathering]]
[2022.01.02-18.07.10:545][  0]LogConfig: Setting CVar [[r.DOF.Scatter.ForegroundCompositing:1    ; additive foreground scattering]]
[2022.01.02-18.07.10:545][  0]LogConfig: Setting CVar [[r.DOF.Scatter.BackgroundCompositing:2    ; additive background scattering]]
[2022.01.02-18.07.10:545][  0]LogConfig: Setting CVar [[r.DOF.Scatter.EnableBokehSettings:1      ; bokeh simulation when scattering]]
[2022.01.02-18.07.10:545][  0]LogConfig: Setting CVar [[r.DOF.Scatter.MaxSpriteRatio:0.1         ; only a maximum of 10% of scattered bokeh]]
[2022.01.02-18.07.10:545][  0]LogConfig: Setting CVar [[r.DOF.Recombine.Quality:1                ; cheap slight out of focus]]
[2022.01.02-18.07.10:545][  0]LogConfig: Setting CVar [[r.DOF.Recombine.EnableBokehSettings:0    ; no bokeh simulation on slight out of focus]]
[2022.01.02-18.07.10:545][  0]LogConfig: Setting CVar [[r.DOF.TemporalAAQuality:1                ; more stable temporal accumulation]]
[2022.01.02-18.07.10:545][  0]LogConfig: Setting CVar [[r.DOF.Kernel.MaxForegroundRadius:0.025]]
[2022.01.02-18.07.10:545][  0]LogConfig: Setting CVar [[r.DOF.Kernel.MaxBackgroundRadius:0.025]]
[2022.01.02-18.07.10:545][  0]LogConfig: Applying CVar settings from Section [TextureQuality@3] File [C:/Users/Paulo/Documents/Workspace/Game-Development/Unreal/MetroidvaniaCamCode/Saved/Config/Windows/Scalability.ini]
[2022.01.02-18.07.10:545][  0]LogConfig: Setting CVar [[r.Streaming.MipBias:0]]
[2022.01.02-18.07.10:545][  0]LogConfig: Setting CVar [[r.Streaming.AmortizeCPUToGPUCopy:0]]
[2022.01.02-18.07.10:545][  0]LogConfig: Setting CVar [[r.Streaming.MaxNumTexturesToStreamPerFrame:0]]
[2022.01.02-18.07.10:545][  0]LogConfig: Setting CVar [[r.Streaming.Boost:1]]
[2022.01.02-18.07.10:545][  0]LogConfig: Setting CVar [[r.MaxAnisotropy:8]]
[2022.01.02-18.07.10:545][  0]LogConfig: Setting CVar [[r.VT.MaxAnisotropy:8]]
[2022.01.02-18.07.10:545][  0]LogConfig: Setting CVar [[r.Streaming.LimitPoolSizeToVRAM:0]]
[2022.01.02-18.07.10:545][  0]LogConfig: Setting CVar [[r.Streaming.PoolSize:1000]]
[2022.01.02-18.07.10:545][  0]LogConfig: Setting CVar [[r.Streaming.MaxEffectiveScreenSize:0]]
[2022.01.02-18.07.10:545][  0]LogConfig: Applying CVar settings from Section [EffectsQuality@3] File [C:/Users/Paulo/Documents/Workspace/Game-Development/Unreal/MetroidvaniaCamCode/Saved/Config/Windows/Scalability.ini]
[2022.01.02-18.07.10:545][  0]LogConfig: Setting CVar [[r.TranslucencyLightingVolumeDim:64]]
[2022.01.02-18.07.10:545][  0]LogConfig: Setting CVar [[r.RefractionQuality:2]]
[2022.01.02-18.07.10:545][  0]LogConfig: Setting CVar [[r.SSR.Quality:3]]
[2022.01.02-18.07.10:545][  0]LogConfig: Setting CVar [[r.SSR.HalfResSceneColor:0]]
[2022.01.02-18.07.10:545][  0]LogConfig: Setting CVar [[r.SceneColorFormat:4]]
[2022.01.02-18.07.10:545][  0]LogConfig: Setting CVar [[r.DetailMode:2]]
[2022.01.02-18.07.10:545][  0]LogConfig: Setting CVar [[r.TranslucencyVolumeBlur:1]]
[2022.01.02-18.07.10:545][  0]LogConfig: Setting CVar [[r.MaterialQualityLevel:1 ; High quality]]
[2022.01.02-18.07.10:546][  0]LogConfig: Setting CVar [[r.SSS.Scale:1]]
[2022.01.02-18.07.10:546][  0]LogConfig: Setting CVar [[r.SSS.SampleSet:2]]
[2022.01.02-18.07.10:546][  0]LogConfig: Setting CVar [[r.SSS.Quality:1]]
[2022.01.02-18.07.10:546][  0]LogConfig: Setting CVar [[r.SSS.HalfRes:0]]
[2022.01.02-18.07.10:546][  0]LogConfig: Setting CVar [[r.SSGI.Quality:3]]
[2022.01.02-18.07.10:546][  0]LogConfig: Setting CVar [[r.EmitterSpawnRateScale:1.0]]
[2022.01.02-18.07.10:546][  0]LogConfig: Setting CVar [[r.ParticleLightQuality:2]]
[2022.01.02-18.07.10:546][  0]LogConfig: Setting CVar [[r.SkyAtmosphere.AerialPerspectiveLUT.FastApplyOnOpaque:1 ; Always have FastSkyLUT 1 in this case to avoid wrong sky]]
[2022.01.02-18.07.10:546][  0]LogConfig: Setting CVar [[r.SkyAtmosphere.AerialPerspectiveLUT.SampleCountPerSlice:1]]
[2022.01.02-18.07.10:546][  0]LogConfig: Setting CVar [[r.SkyAtmosphere.AerialPerspectiveLUT.DepthResolution:16.0]]
[2022.01.02-18.07.10:546][  0]LogConfig: Setting CVar [[r.SkyAtmosphere.FastSkyLUT:1]]
[2022.01.02-18.07.10:546][  0]LogConfig: Setting CVar [[r.SkyAtmosphere.FastSkyLUT.SampleCountMin:4.0]]
[2022.01.02-18.07.10:546][  0]LogConfig: Setting CVar [[r.SkyAtmosphere.FastSkyLUT.SampleCountMax:32.0]]
[2022.01.02-18.07.10:546][  0]LogConfig: Setting CVar [[r.SkyAtmosphere.SampleCountMin:4.0]]
[2022.01.02-18.07.10:546][  0]LogConfig: Setting CVar [[r.SkyAtmosphere.SampleCountMax:32.0]]
[2022.01.02-18.07.10:546][  0]LogConfig: Setting CVar [[r.SkyAtmosphere.TransmittanceLUT.UseSmallFormat:0]]
[2022.01.02-18.07.10:546][  0]LogConfig: Setting CVar [[r.SkyAtmosphere.TransmittanceLUT.SampleCount:10.0]]
[2022.01.02-18.07.10:546][  0]LogConfig: Setting CVar [[r.SkyAtmosphere.MultiScatteringLUT.SampleCount:15.0]]
[2022.01.02-18.07.10:546][  0]LogConfig: Applying CVar settings from Section [FoliageQuality@3] File [C:/Users/Paulo/Documents/Workspace/Game-Development/Unreal/MetroidvaniaCamCode/Saved/Config/Windows/Scalability.ini]
[2022.01.02-18.07.10:546][  0]LogConfig: Setting CVar [[foliage.DensityScale:1.0]]
[2022.01.02-18.07.10:546][  0]LogConfig: Setting CVar [[grass.DensityScale:1.0]]
[2022.01.02-18.07.10:546][  0]LogConfig: Applying CVar settings from Section [ShadingQuality@3] File [C:/Users/Paulo/Documents/Workspace/Game-Development/Unreal/MetroidvaniaCamCode/Saved/Config/Windows/Scalability.ini]
[2022.01.02-18.07.10:546][  0]LogConfig: Setting CVar [[r.HairStrands.SkyLighting.SampleCount:16]]
[2022.01.02-18.07.10:546][  0]LogConfig: Setting CVar [[r.HairStrands.SkyLighting.JitterIntegration:0]]
[2022.01.02-18.07.10:546][  0]LogConfig: Setting CVar [[r.HairStrands.SkyAO.SampleCount:16]]
[2022.01.02-18.07.10:546][  0]LogConfig: Setting CVar [[r.HairStrands.DeepShadow.SuperSampling:0]]
[2022.01.02-18.07.10:546][  0]LogConfig: Setting CVar [[r.HairStrands.VisibilityPPLL:0]]
[2022.01.02-18.07.10:546][  0]LogConfig: Setting CVar [[r.HairStrands.RasterizationScale:0.5]]
[2022.01.02-18.07.10:546][  0]LogConfig: Setting CVar [[r.HairStrands.VelocityRasterizationScale:1]]
[2022.01.02-18.07.10:546][  0]LogConfig: Applying CVar settings from Section [Startup] File [../../../Engine/Config/ConsoleVariables.ini]
[2022.01.02-18.07.10:546][  0]LogConfig: Setting CVar [[net.UseAdaptiveNetUpdateFrequency:0]]
[2022.01.02-18.07.10:546][  0]LogConfig: Setting CVar [[p.chaos.AllowCreatePhysxBodies:1]]
[2022.01.02-18.07.10:546][  0]LogConfig: Setting CVar [[fx.SkipVectorVMBackendOptimizations:1]]
[2022.01.02-18.07.10:546][  0]LogConfig: Applying CVar settings from Section [ConsoleVariables] File [C:/Users/Paulo/Documents/Workspace/Game-Development/Unreal/MetroidvaniaCamCode/Saved/Config/Windows/Engine.ini]
[2022.01.02-18.07.10:547][  0]LogInit: Computer: DESKTOP-QDSG238
[2022.01.02-18.07.10:547][  0]LogInit: User: Paulo
[2022.01.02-18.07.10:547][  0]LogInit: CPU Page size=4096, Cores=8
[2022.01.02-18.07.10:547][  0]LogInit: High frequency timer resolution =10.000000 MHz
[2022.01.02-18.07.10:547][  0]LogMemory: Memory total: Physical=15.9GB (16GB approx)
[2022.01.02-18.07.10:547][  0]LogMemory: Platform Memory Stats for Windows
[2022.01.02-18.07.10:547][  0]LogMemory: Process Physical Memory: 116.38 MB used, 116.38 MB peak
[2022.01.02-18.07.10:547][  0]LogMemory: Process Virtual Memory: 98.11 MB used, 98.11 MB peak
[2022.01.02-18.07.10:547][  0]LogMemory: Physical Memory: 10198.12 MB used,  6115.12 MB free, 16313.24 MB total
[2022.01.02-18.07.10:547][  0]LogMemory: Virtual Memory: 5186.72 MB used,  134212544.00 MB free, 134217728.00 MB total
[2022.01.02-18.07.10:555][  0]LogWindows: WindowsPlatformFeatures enabled
[2022.01.02-18.07.10:719][  0]LogInit: Physics initialised using underlying interface: PhysX
[2022.01.02-18.07.10:728][  0]LogInit: Overriding language with editor language configuration option (en).
[2022.01.02-18.07.10:728][  0]LogInit: Overriding locale with editor locale configuration option (en).
[2022.01.02-18.07.11:240][  0]LogInit: Setting process to per monitor DPI aware
[2022.01.02-18.07.11:310][  0]LogSlate: New Slate User Created.  User Index 0, Is Virtual User: 0
[2022.01.02-18.07.11:310][  0]LogSlate: Slate User Registered.  User Index 0, Is Virtual User: 0
[2022.01.02-18.07.13:553][  0]LogHMD: Failed to initialize OpenVR with code 110
[2022.01.02-18.07.13:553][  0]LogD3D11RHI: D3D11 min allowed feature level: 11_0
[2022.01.02-18.07.13:553][  0]LogD3D11RHI: D3D11 max allowed feature level: 11_0
[2022.01.02-18.07.13:553][  0]LogD3D11RHI: D3D11 adapters:
[2022.01.02-18.07.13:604][  0]LogD3D11RHI:    0. 'Radeon RX 580 Series' (Feature Level 11_0)
[2022.01.02-18.07.13:604][  0]LogD3D11RHI:       8171/0/8156 MB DedicatedVideo/DedicatedSystem/SharedSystem, Outputs:2, VendorId:0x1002
[2022.01.02-18.07.13:608][  0]LogD3D11RHI:    1. 'Microsoft Basic Render Driver' (Feature Level 11_0)
[2022.01.02-18.07.13:608][  0]LogD3D11RHI:       0/0/8156 MB DedicatedVideo/DedicatedSystem/SharedSystem, Outputs:0, VendorId:0x1414
[2022.01.02-18.07.13:608][  0]LogD3D11RHI: Chosen D3D11 Adapter: 0
[2022.01.02-18.07.13:616][  0]LogD3D11RHI: Creating new Direct3DDevice
[2022.01.02-18.07.13:616][  0]LogD3D11RHI:     GPU DeviceId: 0x67df (for the marketing name, search the web for "GPU Device Id")
[2022.01.02-18.07.13:616][  0]LogWindows: EnumDisplayDevices:
[2022.01.02-18.07.13:617][  0]LogWindows:    0. 'Radeon RX 580 Series' (P:0 D:1)
[2022.01.02-18.07.13:617][  0]LogWindows:    1. 'Radeon RX 580 Series' (P:1 D:1)
[2022.01.02-18.07.13:618][  0]LogWindows:    2. 'Radeon RX 580 Series' (P:0 D:0)
[2022.01.02-18.07.13:618][  0]LogWindows:    3. 'Radeon RX 580 Series' (P:0 D:0)
[2022.01.02-18.07.13:619][  0]LogWindows:    4. 'Radeon RX 580 Series' (P:0 D:0)
[2022.01.02-18.07.13:619][  0]LogWindows:    5. 'Radeon RX 580 Series' (P:0 D:0)
[2022.01.02-18.07.13:619][  0]LogWindows:    6. 'Radeon RX 580 Series' (P:0 D:0)
[2022.01.02-18.07.13:620][  0]LogWindows:    7. 'Radeon RX 580 Series' (P:0 D:0)
[2022.01.02-18.07.13:620][  0]LogWindows: DebugString: FoundDriverCount:8 
[2022.01.02-18.07.13:620][  0]LogD3D11RHI:     Adapter Name: Radeon RX 580 Series
[2022.01.02-18.07.13:620][  0]LogD3D11RHI:   Driver Version: Adrenalin 20.10.35.02 (internal:27.20.1034.6, unified:27.20.1034.6)
[2022.01.02-18.07.13:620][  0]LogD3D11RHI:      Driver Date: 8-21-2020
[2022.01.02-18.07.13:620][  0]LogRHI: Texture pool is 5182 MB (70% of 7403 MB)
[2022.01.02-18.07.13:767][  0]LogD3D11RHI: RHI has support for 64 bit atomics
[2022.01.02-18.07.13:767][  0]LogD3D11RHI: Async texture creation enabled
[2022.01.02-18.07.13:767][  0]LogD3D11RHI: Array index from any shader is supported
[2022.01.02-18.07.13:779][  0]LogD3D11RHI: GPU Timing Frequency: 25.000000 (Debug: 2 1)
[2022.01.02-18.07.14:119][  0]LogTargetPlatformManager: Display: Loaded TargetPlatform 'AllDesktop'
[2022.01.02-18.07.14:154][  0]LogTargetPlatformManager: Display: Loaded TargetPlatform 'Android'
[2022.01.02-18.07.14:154][  0]LogTargetPlatformManager: Display: Loaded TargetPlatform 'Android_ASTC'
[2022.01.02-18.07.14:154][  0]LogTargetPlatformManager: Display: Loaded TargetPlatform 'Android_DXT'
[2022.01.02-18.07.14:154][  0]LogTargetPlatformManager: Display: Loaded TargetPlatform 'Android_ETC2'
[2022.01.02-18.07.14:154][  0]LogTargetPlatformManager: Display: Loaded TargetPlatform 'AndroidClient'
[2022.01.02-18.07.14:154][  0]LogTargetPlatformManager: Display: Loaded TargetPlatform 'Android_ASTCClient'
[2022.01.02-18.07.14:154][  0]LogTargetPlatformManager: Display: Loaded TargetPlatform 'Android_DXTClient'
[2022.01.02-18.07.14:154][  0]LogTargetPlatformManager: Display: Loaded TargetPlatform 'Android_ETC2Client'
[2022.01.02-18.07.14:154][  0]LogTargetPlatformManager: Display: Loaded TargetPlatform 'Android_Multi'
[2022.01.02-18.07.14:154][  0]LogTargetPlatformManager: Display: Loaded TargetPlatform 'Android_MultiClient'
[2022.01.02-18.07.14:218][  0]LogTargetPlatformManager: Display: Loaded TargetPlatform 'IOSClient'
[2022.01.02-18.07.14:218][  0]LogTargetPlatformManager: Display: Loaded TargetPlatform 'IOS'
[2022.01.02-18.07.14:250][  0]LogTargetPlatformManager: Display: Loaded TargetPlatform 'Linux'
[2022.01.02-18.07.14:262][  0]LogTargetPlatformManager: Display: Loaded TargetPlatform 'LinuxNoEditor'
[2022.01.02-18.07.14:274][  0]LogTargetPlatformManager: Display: Loaded TargetPlatform 'LinuxClient'
[2022.01.02-18.07.14:285][  0]LogTargetPlatformManager: Display: Loaded TargetPlatform 'LinuxServer'
[2022.01.02-18.07.14:299][  0]LogTargetPlatformManager: Display: Loaded TargetPlatform 'LinuxAArch64NoEditor'
[2022.01.02-18.07.14:311][  0]LogTargetPlatformManager: Display: Loaded TargetPlatform 'LinuxAArch64Client'
[2022.01.02-18.07.14:323][  0]LogTargetPlatformManager: Display: Loaded TargetPlatform 'LinuxAArch64Server'
[2022.01.02-18.07.14:356][  0]LogTargetPlatformManager: Display: Loaded TargetPlatform 'Lumin'
[2022.01.02-18.07.14:356][  0]LogTargetPlatformManager: Display: Loaded TargetPlatform 'LuminClient'
[2022.01.02-18.07.14:375][  0]LogTargetPlatformManager: Display: Loaded TargetPlatform 'TVOSClient'
[2022.01.02-18.07.14:375][  0]LogTargetPlatformManager: Display: Loaded TargetPlatform 'TVOS'
[2022.01.02-18.07.14:387][  0]LogTargetPlatformManager: Display: Loaded TargetPlatform 'WindowsNoEditor'
[2022.01.02-18.07.14:405][  0]LogTargetPlatformManager: Display: Loaded TargetPlatform 'Windows'
[2022.01.02-18.07.14:417][  0]LogTargetPlatformManager: Display: Loaded TargetPlatform 'WindowsClient'
[2022.01.02-18.07.14:428][  0]LogTargetPlatformManager: Display: Loaded TargetPlatform 'WindowsServer'
[2022.01.02-18.07.14:428][  0]LogTargetPlatformManager: Display: Building Assets For Windows
[2022.01.02-18.07.14:461][  0]LogAudioDebug: Display: Lib vorbis DLL was dynamically loaded.
[2022.01.02-18.07.14:693][  0]LogShaderCompilers: Guid format shader working directory is -33 characters bigger than the processId version (C:/Users/Paulo/Documents/Workspace/Game-Development/Unreal/MetroidvaniaCamCode/Intermediate/Shaders/WorkingDirectory/16312/).
[2022.01.02-18.07.14:693][  0]LogShaderCompilers: Cleaned the shader compiler working directory 'C:/Users/Paulo/AppData/Local/Temp/UnrealShaderWorkingDir/C2B8CB8C45A41185A69F019CDE20E6FD/'.
[2022.01.02-18.07.14:694][  0]LogXGEController: Cleaning working directory: C:/Users/Paulo/AppData/Local/Temp/UnrealXGEWorkingDir/
[2022.01.02-18.07.14:694][  0]LogXGEController: Cannot use XGE Controller as Incredibuild is not installed on this machine.
[2022.01.02-18.07.14:694][  0]LogShaderCompilers: Cannot use XGE Shader Compiler as Incredibuild is not installed on this machine.
[2022.01.02-18.07.14:694][  0]LogShaderCompilers: Display: Using Local Shader Compiler.
[2022.01.02-18.07.16:645][  0]LogDerivedDataCache: Display: Max Cache Size: 512 MB
[2022.01.02-18.07.16:855][  0]LogDerivedDataCache: Loaded boot cache 0.21s 75MB C:/Users/Paulo/AppData/Local/UnrealEngine/4.25/DerivedDataCache/Boot.ddc.
[2022.01.02-18.07.16:855][  0]LogDerivedDataCache: Display: Loaded Boot cache: C:/Users/Paulo/AppData/Local/UnrealEngine/4.25/DerivedDataCache/Boot.ddc
[2022.01.02-18.07.16:855][  0]LogDerivedDataCache: FDerivedDataBackendGraph:  Pak pak cache file C:/Users/Paulo/Documents/Workspace/Game-Development/Unreal/MetroidvaniaCamCode/DerivedDataCache/DDC.ddp not found, will not use a pak cache.
[2022.01.02-18.07.16:855][  0]LogDerivedDataCache: Unable to find inner node Pak for hierarchical cache Hierarchy.
[2022.01.02-18.07.16:855][  0]LogDerivedDataCache: FDerivedDataBackendGraph:  CompressedPak pak cache file C:/Users/Paulo/Documents/Workspace/Game-Development/Unreal/MetroidvaniaCamCode/DerivedDataCache/Compressed.ddp not found, will not use a pak cache.
[2022.01.02-18.07.16:855][  0]LogDerivedDataCache: Unable to find inner node CompressedPak for hierarchical cache Hierarchy.
[2022.01.02-18.07.16:866][  0]LogDerivedDataCache: Display: Pak cache opened for reading ../../../Engine/DerivedDataCache/Compressed.ddp.
[2022.01.02-18.07.16:867][  0]LogDerivedDataCache: FDerivedDataBackendGraph:  EnterprisePak pak cache file ../../../Enterprise/DerivedDataCache/Compressed.ddp not found, will not use a pak cache.
[2022.01.02-18.07.16:867][  0]LogDerivedDataCache: Unable to find inner node EnterprisePak for hierarchical cache Hierarchy.
[2022.01.02-18.07.16:868][  0]LogDerivedDataCache: Using Local data cache path C:/Users/Paulo/AppData/Local/UnrealEngine/Common/DerivedDataCache: Writable
[2022.01.02-18.07.16:868][  0]LogDerivedDataCache: Shared data cache path not found in *engine.ini, will not use an Shared cache.
[2022.01.02-18.07.16:868][  0]LogDerivedDataCache: Unable to find inner node Shared for hierarchical cache Hierarchy.
[2022.01.02-18.07.16:923][  0]LogSlate: Using FreeType 2.10.0
[2022.01.02-18.07.16:924][  0]LogSlate: SlateFontServices - WITH_FREETYPE: 1, WITH_HARFBUZZ: 1
[2022.01.02-18.07.17:037][  0]LogAssetRegistry: FAssetRegistry took 0.0027 seconds to start up
[2022.01.02-18.07.17:317][  0]LogInit: Selected Device Profile: [Windows]
[2022.01.02-18.07.17:623][  0]LogMeshReduction: Using QuadricMeshReduction for automatic static mesh reduction
[2022.01.02-18.07.17:623][  0]LogMeshReduction: Using SimplygonMeshReduction for automatic skeletal mesh reduction
[2022.01.02-18.07.17:623][  0]LogMeshReduction: Using ProxyLODMeshReduction for automatic mesh merging
[2022.01.02-18.07.17:623][  0]LogMeshReduction: No distributed automatic mesh merging module available
[2022.01.02-18.07.17:623][  0]LogMeshMerging: No distributed automatic mesh merging module available
[2022.01.02-18.07.17:672][  0]LogNetVersion: MetroidvaniaCamCode 1.0.0, NetCL: 13144385, EngineNetVer: 14, GameNetVer: 0 (Checksum: 252034284)
[2022.01.02-18.07.23:193][  0]LogAISub: UAISubsystem::UAISubsystem AISubsystem (000001E98681A980), frame # 0
[2022.01.02-18.07.23:193][  0]LogAISub: UAISubsystem::UAISubsystem AIPerceptionSystem (000001E9866E4180), frame # 0
[2022.01.02-18.07.23:194][  0]LogAISub: UAISubsystem::UAISubsystem EnvQueryManager (000001E986822400), frame # 0
[2022.01.02-18.07.23:254][  0]LogPackageLocalizationCache: Processed 19 localized package path(s) for 1 prioritized culture(s) in 0.053863 seconds
[2022.01.02-18.07.23:260][  0]LogUObjectArray: 15917 objects as part of root set at end of initial load.
[2022.01.02-18.07.23:260][  0]LogUObjectAllocator: 3965568 out of 0 bytes used by permanent object pool.
[2022.01.02-18.07.23:260][  0]LogUObjectArray: CloseDisregardForGC: 0/0 objects in disregard for GC pool
[2022.01.02-18.07.24:546][  0]LogTcpMessaging: Initializing TcpMessaging bridge
[2022.01.02-18.07.24:561][  0]LogUdpMessaging: Initializing bridge on interface 0.0.0.0:0 to multicast group 230.0.0.1:6666.
[2022.01.02-18.07.24:806][  0]SourceControl: Source control is disabled
[2022.01.02-18.07.24:806][  0]SourceControl: Source control is disabled
[2022.01.02-18.07.24:824][  0]SourceControl: Source control is disabled
[2022.01.02-18.07.24:841][  0]SourceControl: Source control is disabled
[2022.01.02-18.07.24:865][  0]SourceControl: Source control is disabled
[2022.01.02-18.07.25:896][  0]LogAndroidPermission: UAndroidPermissionCallbackProxy::GetInstance
[2022.01.02-18.07.25:967][  0]LogAudioCaptureCore: Display: No Audio Capture implementations found. Audio input will be silent.
[2022.01.02-18.07.25:967][  0]LogAudioCaptureCore: Display: No Audio Capture implementations found. Audio input will be silent.
[2022.01.02-18.07.26:086][  0]LogOcInput: OculusInput pre-init called
[2022.01.02-18.07.26:113][  0]LogWindows: Failed to load 'OVRPlugin.dll' (GetLastError=126)
[2022.01.02-18.07.26:113][  0]LogWindows: File 'OVRPlugin.dll' does not exist
[2022.01.02-18.07.26:255][  0]LogEngine: Initializing Engine...
[2022.01.02-18.07.26:256][  0]LogHMD: Failed to initialize OpenVR with code 110
[2022.01.02-18.07.26:256][  0]LogMagicLeap: Warning: VR disabled because ZI is not enabled.  To enable, in the editor, Edit -> Project Settings -> Plugins -> Magic Leap Plugin -> Enable Zero Iteration
[2022.01.02-18.07.26:258][  0]LogStats: UGameplayTagsManager::InitializeManager -  0.000 s
[2022.01.02-18.07.26:393][  0]LogInit: Initializing FReadOnlyCVARCache
[2022.01.02-18.07.26:421][  0]LogAIModule: Creating AISystem for world Untitled
[2022.01.02-18.07.26:421][  0]LogAISub: UAISubsystem::UAISubsystem EnvQueryManager (000001E98B3A1C00), frame # 0
[2022.01.02-18.07.26:421][  0]LogAISub: UAISubsystem::UAISubsystem AIPerceptionSystem (000001E98B377B00), frame # 0
[2022.01.02-18.07.26:426][  0]LogAudioMixer: Display: Audio Mixer Platform Settings:
[2022.01.02-18.07.26:426][  0]LogAudioMixer: Display: 	Sample Rate:						  48000
[2022.01.02-18.07.26:426][  0]LogAudioMixer: Display: 	Callback Buffer Frame Size Requested: 1024
[2022.01.02-18.07.26:426][  0]LogAudioMixer: Display: 	Callback Buffer Frame Size To Use:	  1024
[2022.01.02-18.07.26:426][  0]LogAudioMixer: Display: 	Number of buffers to queue:			  2
[2022.01.02-18.07.26:426][  0]LogAudioMixer: Display: 	Max Channels (voices):				  32
[2022.01.02-18.07.26:426][  0]LogAudioMixer: Display: 	Number of Async Source Workers:		  0
[2022.01.02-18.07.26:426][  0]LogAudio: Display: AudioDevice MaxSources: 32
[2022.01.02-18.07.26:426][  0]LogAudio: Display: Using built-in audio occlusion.
[2022.01.02-18.07.26:426][  0]LogAudioMixer: Display: Initializing audio mixer.
[2022.01.02-18.07.26:472][  0]LogAudioMixer: Display: 0: FrontLeft
[2022.01.02-18.07.26:472][  0]LogAudioMixer: Display: 1: FrontRight
[2022.01.02-18.07.26:520][  0]LogAudioMixer: Display: Using Audio Device Speakers (4- HyperX Cloud Flight Wireless)
[2022.01.02-18.07.26:523][  0]LogAudioMixer: Display: Initializing Sound Submixes...
[2022.01.02-18.07.26:526][  0]LogAudioMixer: Display: Creating Master Submix 'MasterSubmixDefault'
[2022.01.02-18.07.26:526][  0]LogAudioMixer: Display: Creating Master Submix 'MasterReverbSubmixDefault'
[2022.01.02-18.07.26:527][  0]LogAudioMixer: Display: Creating Master Submix 'MasterEQSubmixDefault'
[2022.01.02-18.07.26:528][  0]LogInit: FAudioDevice initialized.
[2022.01.02-18.07.26:528][  0]LogNetVersion: Set ProjectVersion to 1.0.0.0. Version Checksum will be recalculated on next use.
[2022.01.02-18.07.26:641][  0]LogDerivedDataCache: Saved boot cache 0.11s 75MB C:/Users/Paulo/AppData/Local/UnrealEngine/4.25/DerivedDataCache/Boot.ddc.
[2022.01.02-18.07.26:641][  0]LogInit: Texture streaming: Enabled
[2022.01.02-18.07.26:685][  0]LogEngineSessionManager: EngineSessionManager initialized
[2022.01.02-18.07.26:686][  0]LogEngineSessionManager: EngineSessionManager sent abnormal shutdown report. Type=Crashed, SessionId={652838C5-4DD6-CDC0-1834-D1BB7D1CA09E}
[2022.01.02-18.07.26:686][  0]LogEditorSessionSummary: Verbose: Initializing EditorSessionSummaryWriter for editor session tracking
[2022.01.02-18.07.26:688][  0]LogEditorSessionSummary: EditorSessionSummaryWriter initialized
[2022.01.02-18.07.26:781][  0]LogInit: Transaction tracking system initialized
[2022.01.02-18.07.26:892][  0]BlueprintLog: New page: Editor Load
[2022.01.02-18.07.27:156][  0]LocalizationService: Localization service is disabled
[2022.01.02-18.07.27:662][  0]LogCook: Display: Max memory allowance for cook 16384mb min free memory 0mb
[2022.01.02-18.07.27:662][  0]LogCook: Display: Mobile HDR setting 1
[2022.01.02-18.07.28:201][  0]LogFileCache: Scanning file cache for directory 'C:/Users/Paulo/Documents/Workspace/Game-Development/Unreal/MetroidvaniaCamCode/Content/' took 0.00s
[2022.01.02-18.07.28:459][  0]SourceControl: Source control is disabled
[2022.01.02-18.07.28:572][  0]LogSlate: Took 0.000325 seconds to synchronously load lazily loaded font '../../../Engine/Content/Slate/Fonts/Roboto-Regular.ttf' (155K)
[2022.01.02-18.07.33:741][  0]LogSlate: Window 'Restore Packages' being destroyed
[2022.01.02-18.07.36:337][  0]LogSlate: Window 'Unable to Check Out From Source Control!' being destroyed
[2022.01.02-18.07.36:345][  0]Message dialog closed, result: Ok, title: Unable to Check Out From Source Control!, text: The following assets could not be successfully checked out from source control:
/Game/Levels/Metroidvania
[2022.01.02-18.07.36:380][  0]LogUnrealEdMisc: Loading editor; pre map load, took 28.882
[2022.01.02-18.07.36:381][  0]Cmd: MAP LOAD FILE="../../../Engine/Content/Maps/Templates/Template_Default.umap" TEMPLATE=1 SHOWPROGRESS=1 FEATURELEVEL=3
[2022.01.02-18.07.36:382][  0]LightingResults: New page: Lighting Build
[2022.01.02-18.07.36:388][  0]LogWorld: UWorld::CleanupWorld for Untitled, bSessionEnded=true, bCleanupResources=true
[2022.01.02-18.07.36:388][  0]LogSlate: InvalidateAllWidgets triggered.  All widgets were invalidated
[2022.01.02-18.07.36:388][  0]MapCheck: New page: Map Check
[2022.01.02-18.07.36:388][  0]LightingResults: New page: Lighting Build
[2022.01.02-18.07.36:404][  0]LogAISub: UAISubsystem::~UAISubsystem EnvQueryManager (000001E98B3A1C00), frame # 0
[2022.01.02-18.07.36:404][  0]LogAISub: UAISubsystem::~UAISubsystem AIPerceptionSystem (000001E98B377B00), frame # 0
[2022.01.02-18.07.36:405][  0]LogUObjectHash: Compacting FUObjectHashTables data took   0.79ms
[2022.01.02-18.07.36:512][  0]LogAIModule: Creating AISystem for world Untitled_1
[2022.01.02-18.07.36:512][  0]LogAISub: UAISubsystem::UAISubsystem EnvQueryManager (000001E997D47C00), frame # 0
[2022.01.02-18.07.36:512][  0]LogAISub: UAISubsystem::UAISubsystem AIPerceptionSystem (000001E998179940), frame # 0
[2022.01.02-18.07.36:517][  0]LogEditorServer: Finished looking for orphan Actors (0.000 secs)
[2022.01.02-18.07.36:533][  0]LogUObjectHash: Compacting FUObjectHashTables data took   0.87ms
[2022.01.02-18.07.36:534][  0]Cmd: MAP CHECKDEP NOCLEARLOG
[2022.01.02-18.07.36:534][  0]MapCheck: Map check complete: 0 Error(s), 0 Warning(s), took 0.226ms to complete.
[2022.01.02-18.07.36:534][  0]LogFileHelpers: Loading map 'Template_Default' took 0.153
[2022.01.02-18.07.36:537][  0]LogUnrealEdMisc: Total Editor Startup Time, took 29.039
[2022.01.02-18.07.36:598][  0]LogSlate: Updating window title bar state: overlay mode, drag disabled, window buttons hidden, title bar hidden
[2022.01.02-18.07.36:605][  0]LogSlate: Updating window title bar state: overlay mode, drag disabled, window buttons hidden, title bar hidden
[2022.01.02-18.07.36:611][  0]LogSlate: Updating window title bar state: overlay mode, drag disabled, window buttons hidden, title bar hidden
[2022.01.02-18.07.36:618][  0]LogSlate: Updating window title bar state: overlay mode, drag disabled, window buttons hidden, title bar hidden
[2022.01.02-18.07.36:638][  0]LogCollectionManager: Loaded 0 collections in 0.000995 seconds
[2022.01.02-18.07.36:662][  0]LogFileCache: Scanning file cache for directory 'C:/Users/Paulo/Documents/Workspace/Game-Development/Unreal/MetroidvaniaCamCode/Saved/Collections/' took 0.00s
[2022.01.02-18.07.36:662][  0]LogFileCache: Scanning file cache for directory 'C:/Users/Paulo/Documents/Workspace/Game-Development/Unreal/MetroidvaniaCamCode/Content/Developers/Paulo/Collections/' took 0.00s
[2022.01.02-18.07.36:662][  0]LogFileCache: Scanning file cache for directory 'C:/Users/Paulo/Documents/Workspace/Game-Development/Unreal/MetroidvaniaCamCode/Content/Collections/' took 0.00s
[2022.01.02-18.07.36:662][  0]LogContentBrowser: Native class hierarchy populated in 0.0112 seconds. Added 3431 classes and 823 folders.
[2022.01.02-18.07.36:683][  0]LogContentBrowser: Native class hierarchy updated for 'WidgetCarousel' in 0.0005 seconds. Added 0 classes and 0 folders.
[2022.01.02-18.07.37:262][  0]LogContentBrowser: Native class hierarchy updated for 'AddContentDialog' in 0.0005 seconds. Added 0 classes and 0 folders.
[2022.01.02-18.07.37:263][  0]LogContentBrowser: Native class hierarchy updated for 'SceneOutliner' in 0.0003 seconds. Added 2 classes and 0 folders.
[2022.01.02-18.07.37:286][  0]LogSlate: Took 0.000266 seconds to synchronously load lazily loaded font '../../../Engine/Content/Slate/Fonts/Roboto-Bold.ttf' (160K)
[2022.01.02-18.07.37:299][  0]LogSlate: Took 0.010878 seconds to synchronously load lazily loaded font '../../../Engine/Content/Editor/Slate/Fonts/FontAwesome.ttf' (139K)
[2022.01.02-18.07.37:341][  0]LogRenderer: Reallocating scene render targets to support 1528x568 Format 10 NumSamples 1 (Frame:1).
[2022.01.02-18.07.37:459][  0]LogContentBrowser: Native class hierarchy updated for 'HierarchicalLODOutliner' in 0.0005 seconds. Added 0 classes and 0 folders.
[2022.01.02-18.07.37:459][  0]LogLoad: (Engine Initialization) Total time: 29.96 seconds
[2022.01.02-18.07.37:459][  0]LogLoad: (Engine Initialization) Total Blueprint compile time: 0.00 seconds
[2022.01.02-18.07.37:495][  0]LogAssetRegistry: Asset discovery search completed in 20.4581 seconds
[2022.01.02-18.07.37:498][  0]LogCollectionManager: Fixed up redirectors for 0 collections in 0.000002 seconds (updated 0 objects)
[2022.01.02-18.07.37:512][  0]LogContentStreaming: Texture pool size now 1000 MB
[2022.01.02-18.07.37:535][  0]LogSlate: Took 0.000333 seconds to synchronously load lazily loaded font '../../../Engine/Content/Slate/Fonts/Roboto-Light.ttf' (167K)
[2022.01.02-18.07.42:032][535]LogSlate: Took 0.000288 seconds to synchronously load lazily loaded font '../../../Engine/Content/Slate/Fonts/Roboto-Light.ttf' (167K)
[2022.01.02-18.07.42:060][535]LogAssetEditorSubsystem: Opening Asset editor for World /Game/Levels/Metroidvania.Metroidvania
[2022.01.02-18.07.42:079][535]LogUObjectHash: Compacting FUObjectHashTables data took   0.64ms
[2022.01.02-18.07.42:081][535]Cmd: MAP LOAD FILE="C:/Users/Paulo/Documents/Workspace/Game-Development/Unreal/MetroidvaniaCamCode/Content/Levels/Metroidvania.umap" TEMPLATE=0 SHOWPROGRESS=1 FEATURELEVEL=3
[2022.01.02-18.07.42:081][535]LightingResults: New page: Lighting Build
[2022.01.02-18.07.42:081][535]LoadErrors: New page: Loading map: Metroidvania.umap
[2022.01.02-18.07.42:090][535]LogWorld: UWorld::CleanupWorld for Untitled_1, bSessionEnded=true, bCleanupResources=true
[2022.01.02-18.07.42:090][535]LogSlate: InvalidateAllWidgets triggered.  All widgets were invalidated
[2022.01.02-18.07.42:090][535]MapCheck: New page: Map Check
[2022.01.02-18.07.42:090][535]LightingResults: New page: Lighting Build
[2022.01.02-18.07.42:105][535]LogAISub: UAISubsystem::~UAISubsystem EnvQueryManager (000001E997D47C00), frame # 535
[2022.01.02-18.07.42:105][535]LogAISub: UAISubsystem::~UAISubsystem AIPerceptionSystem (000001E998179940), frame # 535
[2022.01.02-18.07.42:105][535]LogUObjectHash: Compacting FUObjectHashTables data took   0.69ms
[2022.01.02-18.07.42:108][535]LogEditorServer: Finished looking for orphan Actors (0.000 secs)
[2022.01.02-18.07.42:108][535]LogAIModule: Creating AISystem for world Metroidvania
[2022.01.02-18.07.42:108][535]LogAISub: UAISubsystem::UAISubsystem EnvQueryManager (000001E997769C00), frame # 535
[2022.01.02-18.07.42:108][535]LogAISub: UAISubsystem::UAISubsystem AIPerceptionSystem (000001E997C57100), frame # 535
[2022.01.02-18.07.42:132][535]LogUObjectHash: Compacting FUObjectHashTables data took   0.60ms
[2022.01.02-18.07.42:143][535]Cmd: MAP CHECKDEP NOCLEARLOG
[2022.01.02-18.07.42:144][535]MapCheck: Map check complete: 0 Error(s), 0 Warning(s), took 0.166ms to complete.
[2022.01.02-18.07.42:144][535]LogFileHelpers: Loading map 'Metroidvania' took 0.063
[2022.01.02-18.07.50:209][484]LogAssetEditorSubsystem: Opening Asset editor for Blueprint /Game/Blueprints/BP_MetroidvaniaCamera.BP_MetroidvaniaCamera
[2022.01.02-18.07.50:409][484]LogContentBrowser: Native class hierarchy updated for 'BlueprintGraph' in 0.0009 seconds. Added 125 classes and 0 folders.
[2022.01.02-18.07.53:528][723]LogSlate: Window 'BP_MetroidvaniaCamera' being destroyed
[2022.01.02-18.07.55:559][963]LogWorld: UWorld::CleanupWorld for World_0, bSessionEnded=true, bCleanupResources=true
[2022.01.02-18.07.55:559][963]LogSlate: InvalidateAllWidgets triggered.  All widgets were invalidated
[2022.01.02-18.07.55:608][963]LogAssetEditorSubsystem: Opening Asset editor for Blueprint /Game/Blueprints/BP_MetroidvaniaCamera.BP_MetroidvaniaCamera
[2022.01.02-18.07.55:982][963]LogSlate: Took 0.000283 seconds to synchronously load lazily loaded font '../../../Engine/Content/Slate/Fonts/Roboto-BoldCondensed.ttf' (158K)
[2022.01.02-18.07.57:847][158]LogSlate: Took 0.000315 seconds to synchronously load lazily loaded font '../../../Engine/Content/Slate/Fonts/Roboto-Italic.ttf' (157K)
[2022.01.02-18.08.25:158][910]LogRenderer: Reallocating scene render targets to support 1528x712 Format 10 NumSamples 1 (Frame:1).
[2022.01.02-18.08.26:583][ 54]BlueprintLog: New page: Compile BP_MetroidvaniaCamera
[2022.01.02-18.08.26:634][ 54]LogUObjectHash: Compacting FUObjectHashTables data took   2.16ms
[2022.01.02-18.08.26:654][ 54]LogSlate: Took 0.000269 seconds to synchronously load lazily loaded font '../../../Engine/Content/Slate/Fonts/DroidSansMono.ttf' (77K)
[2022.01.02-18.08.35:619][ 58]LogSavePackage: Moving 'C:/Users/Paulo/Documents/Workspace/Game-Development/Unreal/MetroidvaniaCamCode/Saved/BP_MetroidvaniaCamera35D295FD429BE9C7EA0072A774C56F46.tmp' to 'C:/Users/Paulo/Documents/Workspace/Game-Development/Unreal/MetroidvaniaCamCode/Content/Blueprints/BP_MetroidvaniaCamera.uasset'
[2022.01.02-18.08.35:633][ 58]AssetCheck: New page: Asset Save: BP_MetroidvaniaCamera
[2022.01.02-18.08.35:633][ 58]LogContentValidation: Display: Validating Blueprint /Game/Blueprints/BP_MetroidvaniaCamera.BP_MetroidvaniaCamera
[2022.01.02-18.09.08:438][879]BlueprintLog: New page: Compile BP_MetroidvaniaCamera
[2022.01.02-18.09.08:521][879]LogUObjectHash: Compacting FUObjectHashTables data took   2.42ms
[2022.01.02-18.09.08:690][897]BlueprintLog: New page: Compile BP_MetroidvaniaCamera
[2022.01.02-18.09.08:725][897]LogUObjectHash: Compacting FUObjectHashTables data took   2.22ms
[2022.01.02-18.09.10:892][143]LogSavePackage: Moving 'C:/Users/Paulo/Documents/Workspace/Game-Development/Unreal/MetroidvaniaCamCode/Saved/BP_MetroidvaniaCameraA5D28E034F557A4D78878F9270A142DA.tmp' to 'C:/Users/Paulo/Documents/Workspace/Game-Development/Unreal/MetroidvaniaCamCode/Content/Blueprints/BP_MetroidvaniaCamera.uasset'
[2022.01.02-18.09.10:904][143]AssetCheck: New page: Asset Save: BP_MetroidvaniaCamera
[2022.01.02-18.09.10:904][143]LogContentValidation: Display: Validating Blueprint /Game/Blueprints/BP_MetroidvaniaCamera.BP_MetroidvaniaCamera
[2022.01.02-18.09.14:874][215]LogSlate: Window 'BP_MetroidvaniaCamera' being destroyed
[2022.01.02-18.09.14:889][215]LogWorld: UWorld::CleanupWorld for World_1, bSessionEnded=true, bCleanupResources=true
[2022.01.02-18.09.14:889][215]LogSlate: InvalidateAllWidgets triggered.  All widgets were invalidated
[2022.01.02-18.09.16:229][355]LogAssetEditorSubsystem: Opening Asset editor for Blueprint /Game/Blueprints/BP_MetroidvaniaCamera.BP_MetroidvaniaCamera
[2022.01.02-18.09.20:597][758]BlueprintLog: New page: Compile BP_MetroidvaniaCamera
[2022.01.02-18.09.20:643][758]LogUObjectHash: Compacting FUObjectHashTables data took   2.31ms
[2022.01.02-18.09.21:475][851]LogSavePackage: Moving 'C:/Users/Paulo/Documents/Workspace/Game-Development/Unreal/MetroidvaniaCamCode/Saved/BP_MetroidvaniaCamera78716992445963700E24D391DA3D1927.tmp' to 'C:/Users/Paulo/Documents/Workspace/Game-Development/Unreal/MetroidvaniaCamCode/Content/Blueprints/BP_MetroidvaniaCamera.uasset'
[2022.01.02-18.09.21:488][851]AssetCheck: New page: Asset Save: BP_MetroidvaniaCamera
[2022.01.02-18.09.21:488][851]LogContentValidation: Display: Validating Blueprint /Game/Blueprints/BP_MetroidvaniaCamera.BP_MetroidvaniaCamera
[2022.01.02-18.09.22:662][983]LogSlate: Window 'BP_MetroidvaniaCamera' being destroyed
[2022.01.02-18.09.22:678][983]LogWorld: UWorld::CleanupWorld for World_3, bSessionEnded=true, bCleanupResources=true
[2022.01.02-18.09.22:678][983]LogSlate: InvalidateAllWidgets triggered.  All widgets were invalidated
[2022.01.02-18.09.28:668][661]LogAssetEditorSubsystem: Opening Asset editor for Blueprint /Game/Blueprints/BP_MetroidvaniaCamera.BP_MetroidvaniaCamera
[2022.01.02-18.09.35:193][164]BlueprintLog: New page: Compile BP_MetroidvaniaCamera
[2022.01.02-18.09.35:430][164]LogUObjectHash: Compacting FUObjectHashTables data took   2.27ms
[2022.01.02-18.09.35:968][207]LogSavePackage: Moving 'C:/Users/Paulo/Documents/Workspace/Game-Development/Unreal/MetroidvaniaCamCode/Saved/BP_MetroidvaniaCameraFE951DAB4DEA5D0991675FA76A952E7A.tmp' to 'C:/Users/Paulo/Documents/Workspace/Game-Development/Unreal/MetroidvaniaCamCode/Content/Blueprints/BP_MetroidvaniaCamera.uasset'
[2022.01.02-18.09.35:981][207]AssetCheck: New page: Asset Save: BP_MetroidvaniaCamera
[2022.01.02-18.09.35:981][207]LogContentValidation: Display: Validating Blueprint /Game/Blueprints/BP_MetroidvaniaCamera.BP_MetroidvaniaCamera
[2022.01.02-18.09.36:601][267]LogSlate: Window 'BP_MetroidvaniaCamera' being destroyed
[2022.01.02-18.09.36:608][267]LogWorld: UWorld::CleanupWorld for World_4, bSessionEnded=true, bCleanupResources=true
[2022.01.02-18.09.36:608][267]LogSlate: InvalidateAllWidgets triggered.  All widgets were invalidated
[2022.01.02-18.09.41:194][798]LogUObjectHash: Compacting FUObjectHashTables data took   2.11ms
[2022.01.02-18.09.41:207][798]LogSavePackage: Moving 'C:/Users/Paulo/Documents/Workspace/Game-Development/Unreal/MetroidvaniaCamCode/Saved/Metroidvania9552DB9941D87E2B9E83FB80A46F3951.tmp' to 'C:/Users/Paulo/Documents/Workspace/Game-Development/Unreal/MetroidvaniaCamCode/Content/Levels/Metroidvania.umap'
[2022.01.02-18.09.41:232][798]AssetCheck: New page: Asset Save: Metroidvania
[2022.01.02-18.09.41:232][798]LogContentValidation: Display: Validating World /Game/Levels/Metroidvania.Metroidvania
[2022.01.02-18.09.42:307][915]LogTemp: Repeating last play command: Selected Viewport
[2022.01.02-18.09.42:315][915]LogPlayLevel: PlayLevel: No blueprints needed recompiling
[2022.01.02-18.09.42:315][915]PIE: New page: PIE session: Metroidvania (Jan 2, 2022, 1:09:42 PM)
[2022.01.02-18.09.42:316][915]LogOnline: OSS: Creating online subsystem instance for: NULL
[2022.01.02-18.09.42:317][915]LogOnline: OSS: TryLoadSubsystemAndSetDefault: Loaded subsystem for module [NULL]
[2022.01.02-18.09.42:317][915]LogPlayLevel: Creating play world package: /Game/Levels/UEDPIE_0_Metroidvania
[2022.01.02-18.09.42:319][915]LogPlayLevel: PIE: StaticDuplicateObject took: (0.001342s)
[2022.01.02-18.09.42:319][915]LogAIModule: Creating AISystem for world Metroidvania
[2022.01.02-18.09.42:319][915]LogAISub: UAISubsystem::UAISubsystem EnvQueryManager (000001EA04929000), frame # 9915
[2022.01.02-18.09.42:319][915]LogAISub: UAISubsystem::UAISubsystem AIPerceptionSystem (000001E9C254B9C0), frame # 9915
[2022.01.02-18.09.42:320][915]LogPlayLevel: PIE: World Init took: (0.001023s)
[2022.01.02-18.09.42:320][915]LogPlayLevel: PIE: Created PIE world by copying editor world from /Game/Levels/Metroidvania.Metroidvania to /Game/Levels/UEDPIE_0_Metroidvania.Metroidvania (0.002480s)
[2022.01.02-18.09.42:342][915]LogUObjectHash: Compacting FUObjectHashTables data took   1.91ms
[2022.01.02-18.09.42:343][915]LogAudioMixer: Display: Audio Mixer Platform Settings:
[2022.01.02-18.09.42:343][915]LogAudioMixer: Display: 	Sample Rate:						  48000
[2022.01.02-18.09.42:343][915]LogAudioMixer: Display: 	Callback Buffer Frame Size Requested: 1024
[2022.01.02-18.09.42:344][915]LogAudioMixer: Display: 	Callback Buffer Frame Size To Use:	  1024
[2022.01.02-18.09.42:344][915]LogAudioMixer: Display: 	Number of buffers to queue:			  2
[2022.01.02-18.09.42:344][915]LogAudioMixer: Display: 	Max Channels (voices):				  32
[2022.01.02-18.09.42:344][915]LogAudioMixer: Display: 	Number of Async Source Workers:		  0
[2022.01.02-18.09.42:344][915]LogAudio: Display: AudioDevice MaxSources: 32
[2022.01.02-18.09.42:344][915]LogAudio: Display: Using built-in audio occlusion.
[2022.01.02-18.09.42:344][915]LogAudioMixer: Display: Initializing audio mixer.
[2022.01.02-18.09.42:350][915]LogAudioMixer: Display: 0: FrontLeft
[2022.01.02-18.09.42:350][915]LogAudioMixer: Display: 1: FrontRight
[2022.01.02-18.09.42:368][915]LogAudioMixer: Display: Using Audio Device Speakers (4- HyperX Cloud Flight Wireless)
[2022.01.02-18.09.42:369][915]LogAudioMixer: Display: Initializing Sound Submixes...
[2022.01.02-18.09.42:369][915]LogAudioMixer: Display: Creating Master Submix 'MasterSubmixDefault'
[2022.01.02-18.09.42:369][915]LogAudioMixer: Display: Creating Master Submix 'MasterReverbSubmixDefault'
[2022.01.02-18.09.42:369][915]LogAudioMixer: Display: Creating Master Submix 'MasterEQSubmixDefault'
[2022.01.02-18.09.42:384][915]LogInit: FAudioDevice initialized.
[2022.01.02-18.09.42:395][915]LogLoad: Game class is 'BP_MetroidvaniaGameMode_C'
[2022.01.02-18.09.42:397][915]LogWorld: Bringing World /Game/Levels/UEDPIE_0_Metroidvania.Metroidvania up for play (max tick rate 0) at 2022.01.02-15.09.42
[2022.01.02-18.09.42:398][915]LogWorld: Bringing up level for play took: 0.001235
[2022.01.02-18.09.42:398][915]LogOnline: OSS: Creating online subsystem instance for: :Context_6
[2022.01.02-18.09.42:421][915]LogGameMode: FindPlayerStart: PATHS NOT DEFINED or NO PLAYERSTART with positive rating
[2022.01.02-18.09.42:423][915]LogContentBrowser: Native class hierarchy updated for 'MovieSceneCapture' in 0.0005 seconds. Added 20 classes and 0 folders.
[2022.01.02-18.09.42:432][915]PIE: Server logged in
[2022.01.02-18.09.42:434][915]PIE: Play in editor total start time 0.12 seconds.
[2022.01.02-18.09.44:823][145]LogSlate: Updating window title bar state: overlay mode, drag disabled, window buttons hidden, title bar hidden
[2022.01.02-18.09.44:823][145]LogWorld: BeginTearingDown for /Game/Levels/UEDPIE_0_Metroidvania
[2022.01.02-18.09.44:823][145]LogWorld: UWorld::CleanupWorld for Metroidvania, bSessionEnded=true, bCleanupResources=true
[2022.01.02-18.09.44:823][145]LogSlate: InvalidateAllWidgets triggered.  All widgets were invalidated
[2022.01.02-18.09.44:830][145]LogPlayLevel: Display: Shutting down PIE online subsystems
[2022.01.02-18.09.44:834][145]LogSlate: InvalidateAllWidgets triggered.  All widgets were invalidated
[2022.01.02-18.09.44:873][145]LogSlate: Updating window title bar state: overlay mode, drag disabled, window buttons hidden, title bar hidden
[2022.01.02-18.09.44:889][145]LogAISub: UAISubsystem::~UAISubsystem AIPerceptionSystem (000001E9C254B9C0), frame # 10145
[2022.01.02-18.09.44:889][145]LogAISub: UAISubsystem::~UAISubsystem EnvQueryManager (000001EA04929000), frame # 10145
[2022.01.02-18.09.44:920][145]LogUObjectHash: Compacting FUObjectHashTables data took   4.30ms
[2022.01.02-18.09.44:947][146]LogPlayLevel: Display: Destroying online subsystem :Context_6
[2022.01.02-18.09.54:794][269]LogEditorViewport: Clicking on Actor (LMB): BP_MetroidvaniaCamera_C (BP_MetroidvaniaCamera)
[2022.01.02-18.09.55:130][291]LogEditorViewport: Clicking on Actor (LMB): BP_MetroidvaniaCamera_C (BP_MetroidvaniaCamera)
[2022.01.02-18.10.05:625][535]LogEditorViewport: Clicking Background
[2022.01.02-18.10.07:628][770]LogEditorViewport: Clicking on Actor (LMB): BP_MetroidvaniaCamera_C (BP_MetroidvaniaCamera)
[2022.01.02-18.10.08:852][901]LogEditorViewport: Clicking on Actor (LMB): PaperTileMapActor (TM_Metroidvania)
[2022.01.02-18.10.09:621][985]LogTemp: Repeating last play command: Selected Viewport
[2022.01.02-18.10.09:629][985]LogPlayLevel: PlayLevel: No blueprints needed recompiling
[2022.01.02-18.10.09:629][985]PIE: New page: PIE session: Metroidvania (Jan 2, 2022, 1:10:09 PM)
[2022.01.02-18.10.09:629][985]LogPlayLevel: Creating play world package: /Game/Levels/UEDPIE_0_Metroidvania
[2022.01.02-18.10.09:630][985]LogPlayLevel: PIE: StaticDuplicateObject took: (0.001228s)
[2022.01.02-18.10.09:631][985]LogAIModule: Creating AISystem for world Metroidvania
[2022.01.02-18.10.09:631][985]LogAISub: UAISubsystem::UAISubsystem EnvQueryManager (000001E9ACE25400), frame # 11985
[2022.01.02-18.10.09:631][985]LogAISub: UAISubsystem::UAISubsystem AIPerceptionSystem (000001E9A89CA840), frame # 11985
[2022.01.02-18.10.09:631][985]LogPlayLevel: PIE: World Init took: (0.000987s)
[2022.01.02-18.10.09:631][985]LogPlayLevel: PIE: Created PIE world by copying editor world from /Game/Levels/Metroidvania.Metroidvania to /Game/Levels/UEDPIE_0_Metroidvania.Metroidvania (0.002311s)
[2022.01.02-18.10.09:680][985]LogUObjectHash: Compacting FUObjectHashTables data took   2.75ms
[2022.01.02-18.10.09:683][985]LogAudioMixer: Display: Audio Mixer Platform Settings:
[2022.01.02-18.10.09:683][985]LogAudioMixer: Display: 	Sample Rate:						  48000
[2022.01.02-18.10.09:683][985]LogAudioMixer: Display: 	Callback Buffer Frame Size Requested: 1024
[2022.01.02-18.10.09:683][985]LogAudioMixer: Display: 	Callback Buffer Frame Size To Use:	  1024
[2022.01.02-18.10.09:683][985]LogAudioMixer: Display: 	Number of buffers to queue:			  2
[2022.01.02-18.10.09:683][985]LogAudioMixer: Display: 	Max Channels (voices):				  32
[2022.01.02-18.10.09:683][985]LogAudioMixer: Display: 	Number of Async Source Workers:		  0
[2022.01.02-18.10.09:683][985]LogAudio: Display: AudioDevice MaxSources: 32
[2022.01.02-18.10.09:683][985]LogAudio: Display: Using built-in audio occlusion.
[2022.01.02-18.10.09:683][985]LogAudioMixer: Display: Initializing audio mixer.
[2022.01.02-18.10.09:688][985]LogAudioMixer: Display: 0: FrontLeft
[2022.01.02-18.10.09:688][985]LogAudioMixer: Display: 1: FrontRight
[2022.01.02-18.10.09:705][985]LogAudioMixer: Display: Using Audio Device Speakers (4- HyperX Cloud Flight Wireless)
[2022.01.02-18.10.09:705][985]LogAudioMixer: Display: Initializing Sound Submixes...
[2022.01.02-18.10.09:705][985]LogAudioMixer: Display: Creating Master Submix 'MasterSubmixDefault'
[2022.01.02-18.10.09:705][985]LogAudioMixer: Display: Creating Master Submix 'MasterReverbSubmixDefault'
[2022.01.02-18.10.09:706][985]LogAudioMixer: Display: Creating Master Submix 'MasterEQSubmixDefault'
[2022.01.02-18.10.09:719][985]LogInit: FAudioDevice initialized.
[2022.01.02-18.10.09:725][985]LogLoad: Game class is 'BP_MetroidvaniaGameMode_C'
[2022.01.02-18.10.09:726][985]LogWorld: Bringing World /Game/Levels/UEDPIE_0_Metroidvania.Metroidvania up for play (max tick rate 0) at 2022.01.02-15.10.09
[2022.01.02-18.10.09:726][985]LogWorld: Bringing up level for play took: 0.000836
[2022.01.02-18.10.09:727][985]LogOnline: OSS: Creating online subsystem instance for: :Context_8
[2022.01.02-18.10.09:728][985]LogGameMode: FindPlayerStart: PATHS NOT DEFINED or NO PLAYERSTART with positive rating
[2022.01.02-18.10.09:750][985]PIE: Server logged in
[2022.01.02-18.10.09:751][985]PIE: Play in editor total start time 0.123 seconds.
[2022.01.02-18.10.10:996][129]LogSlate: Updating window title bar state: overlay mode, drag disabled, window buttons hidden, title bar hidden
[2022.01.02-18.10.10:996][129]LogWorld: BeginTearingDown for /Game/Levels/UEDPIE_0_Metroidvania
[2022.01.02-18.10.10:996][129]LogWorld: UWorld::CleanupWorld for Metroidvania, bSessionEnded=true, bCleanupResources=true
[2022.01.02-18.10.10:996][129]LogSlate: InvalidateAllWidgets triggered.  All widgets were invalidated
[2022.01.02-18.10.11:008][129]LogPlayLevel: Display: Shutting down PIE online subsystems
[2022.01.02-18.10.11:010][129]LogSlate: InvalidateAllWidgets triggered.  All widgets were invalidated
[2022.01.02-18.10.11:042][129]LogSlate: Updating window title bar state: overlay mode, drag disabled, window buttons hidden, title bar hidden
[2022.01.02-18.10.11:042][129]LogAISub: UAISubsystem::~UAISubsystem AIPerceptionSystem (000001E9A89CA840), frame # 12129
[2022.01.02-18.10.11:042][129]LogAISub: UAISubsystem::~UAISubsystem EnvQueryManager (000001E9ACE25400), frame # 12129
[2022.01.02-18.10.11:044][129]LogUObjectHash: Compacting FUObjectHashTables data took   1.65ms
[2022.01.02-18.10.11:068][131]LogPlayLevel: Display: Destroying online subsystem :Context_8
[2022.01.02-18.10.28:504][265]LogEditorViewport: Clicking Background
[2022.01.02-18.10.30:596][513]LogUObjectHash: Compacting FUObjectHashTables data took   1.63ms
[2022.01.02-18.10.30:640][513]LogUObjectHash: Compacting FUObjectHashTables data took   0.44ms
[2022.01.02-18.10.30:649][513]LogSavePackage: Moving 'C:/Users/Paulo/Documents/Workspace/Game-Development/Unreal/MetroidvaniaCamCode/Saved/Metroidvania4E6516DA45989A0567B404A7E7F609F7.tmp' to 'C:/Users/Paulo/Documents/Workspace/Game-Development/Unreal/MetroidvaniaCamCode/Content/Levels/Metroidvania.umap'
[2022.01.02-18.10.30:663][513]LogFileHelpers: Saving map 'Metroidvania' took 0.041
[2022.01.02-18.10.30:672][513]AssetCheck: New page: Asset Save: Metroidvania
[2022.01.02-18.10.30:672][513]LogContentValidation: Display: Validating World /Game/Levels/Metroidvania.Metroidvania
[2022.01.02-18.11.41:713][467]LogAssetEditorSubsystem: Opening Asset editor for Blueprint /Game/Blueprints/BP_MetroidvaniaCamera.BP_MetroidvaniaCamera
[2022.01.02-18.12.38:854][939]LogSlate: Window 'BP_MetroidvaniaCamera' being destroyed
[2022.01.02-18.20.30:742][736]LogUObjectHash: Compacting FUObjectHashTables data took   2.58ms
[2022.01.02-18.20.30:743][736]LogFileHelpers: Editor autosave (incl. sublevels) for '/Game/Levels/Metroidvania' took 0.024
[2022.01.02-18.20.30:744][736]OBJ SavePackage: Generating thumbnails for [0] asset(s) in package [/Game/Blueprints/BP_MetroidvaniaCamera] ([1] browsable assets)...
[2022.01.02-18.20.30:744][736]OBJ SavePackage: Finished generating thumbnails for package [/Game/Blueprints/BP_MetroidvaniaCamera]
[2022.01.02-18.20.30:753][736]LogSavePackage: Moving 'C:/Users/Paulo/Documents/Workspace/Game-Development/Unreal/MetroidvaniaCamCode/Saved/BP_MetroidvaniaCamera_Auto1C25EFC634F4471531C1DE18ED2694144.tmp' to 'C:/Users/Paulo/Documents/Workspace/Game-Development/Unreal/MetroidvaniaCamCode/Saved/Autosaves/Game/Blueprints/BP_MetroidvaniaCamera_Auto1.uasset'
[2022.01.02-18.20.30:754][736]LogFileHelpers: Auto-saving content packages took 0.011
[2022.01.02-18.36.29:182][595]LogHotReload: New module detected: UE4Editor-MetroidvaniaCamCode-0016.dll
[2022.01.02-18.36.30:194][599]LogHotReload: Starting Hot-Reload from IDE
[2022.01.02-18.36.30:253][599]LogClass: Could not find existing class MetroidvaniaCamera in package /Script/MetroidvaniaCamCode for HotReload, assuming new class
[2022.01.02-18.36.30:253][599]LogClass: Function TriggerEnter is new.
[2022.01.02-18.36.30:265][599]LogHotReload: Re-instancing MetroidvaniaCamera after hot-reload.
[2022.01.02-18.36.30:516][599]LogContentBrowser: Native class hierarchy updated for 'MetroidvaniaCamCode' in 0.0005 seconds. Added 4 classes and 2 folders.
[2022.01.02-18.36.30:520][599]Display: HotReload successful (0 functions remapped  0 scriptstructs remapped)
[2022.01.02-18.36.30:590][599]LogContentBrowser: Native class hierarchy populated in 0.0120 seconds. Added 3431 classes and 823 folders.
[2022.01.02-18.36.30:602][599]Display: HotReload took  0.4s.
[2022.01.02-18.39.32:570][141]LogHotReload: New module detected: UE4Editor-MetroidvaniaCamCode-0017.dll
[2022.01.02-18.39.33:250][144]LogHotReload: Starting Hot-Reload from IDE
[2022.01.02-18.39.33:310][144]LogContentBrowser: Native class hierarchy updated for 'MetroidvaniaCamCode' in 0.0005 seconds. Added 4 classes and 2 folders.
[2022.01.02-18.39.33:314][144]Display: HotReload successful (1 functions remapped  0 scriptstructs remapped)
[2022.01.02-18.39.33:380][144]LogContentBrowser: Native class hierarchy populated in 0.0121 seconds. Added 3431 classes and 823 folders.
[2022.01.02-18.39.33:393][144]Display: HotReload took  0.1s.
[2022.01.02-18.43.32:607][857]LogHotReload: New module detected: UE4Editor-MetroidvaniaCamCode-0021.dll
[2022.01.02-18.43.33:955][862]LogHotReload: Starting Hot-Reload from IDE
[2022.01.02-18.43.34:017][862]LogClass: Could not find existing class MetroidvaniaCharacter in package /Script/MetroidvaniaCamCode for HotReload, assuming new class
[2022.01.02-18.43.34:033][862]LogHotReload: Re-instancing MetroidvaniaCharacter after hot-reload.
[2022.01.02-18.43.34:077][862]LogContentBrowser: Native class hierarchy updated for 'MetroidvaniaCamCode' in 0.0005 seconds. Added 4 classes and 2 folders.
[2022.01.02-18.43.34:083][862]Display: HotReload successful (1 functions remapped  0 scriptstructs remapped)
[2022.01.02-18.43.34:161][862]LogContentBrowser: Native class hierarchy populated in 0.0121 seconds. Added 3431 classes and 823 folders.
[2022.01.02-18.43.34:173][862]Display: HotReload took  0.2s.
[2022.01.02-18.49.45:113][193]LogWorld: UWorld::CleanupWorld for World_6, bSessionEnded=true, bCleanupResources=true
[2022.01.02-18.49.45:113][193]LogSlate: InvalidateAllWidgets triggered.  All widgets were invalidated
[2022.01.02-18.49.46:471][325]Candidate modules for hot reload:
[2022.01.02-18.49.46:471][325]  MetroidvaniaCamCode
[2022.01.02-18.49.46:471][325]Launching UnrealBuildTool... [D:/Epic Games/UE_4.25/Engine/Binaries/DotNET/UnrealBuildTool.exe  -ModuleWithSuffix=MetroidvaniaCamCode,1285 MetroidvaniaCamCodeEditor Win64 Development -Project="C:/Users/Paulo/Documents/Workspace/Game-Development/Unreal/MetroidvaniaCamCode/MetroidvaniaCamCode.uproject" "C:/Users/Paulo/Documents/Workspace/Game-Development/Unreal/MetroidvaniaCamCode/MetroidvaniaCamCode.uproject"  -IgnoreJunk]
[2022.01.02-18.49.46:477][325]Warning: Starting HotReload took  0.1s.
[2022.01.02-18.49.47:911][468]CompilerResultsLog: New page: Compilation - Jan 2, 2022, 1:49:47 PM
[2022.01.02-18.49.47:926][468]CompilerResultsLog: Building MetroidvaniaCamCodeEditor...
[2022.01.02-18.49.47:927][468]CompilerResultsLog: Using Visual Studio 2019 14.29.30040 toolchain (C:\Program Files (x86)\Microsoft Visual Studio\2019\Community\VC\Tools\MSVC\14.29.30037) and Windows 10.0.19041.0 SDK (C:\Program Files (x86)\Windows Kits\10).
[2022.01.02-18.49.47:927][468]CompilerResultsLog: Building 4 actions with 16 processes...
[2022.01.02-18.49.47:927][468]CompilerResultsLog:   [1/4] MetroidvaniaCamera.cpp
[2022.01.02-18.49.47:927][468]CompilerResultsLog:    C:\Users\Paulo\Documents\Workspace\Game-Development\Unreal\MetroidvaniaCamCode\Source\MetroidvaniaCamCode\MetroidvaniaCamera.cpp(42) : error C2065: 'AMetroidvaniaCharacter': identificador n?o declarado
[2022.01.02-18.49.47:927][468]CompilerResultsLog:    C:\Users\Paulo\Documents\Workspace\Game-Development\Unreal\MetroidvaniaCamCode\Source\MetroidvaniaCamCode\MetroidvaniaCamera.cpp(42) : error C2065: 'obj': identificador n?o declarado
[2022.01.02-18.49.47:927][468]CompilerResultsLog:    C:\Users\Paulo\Documents\Workspace\Game-Development\Unreal\MetroidvaniaCamCode\Source\MetroidvaniaCamCode\MetroidvaniaCamera.cpp(42) : error C2065: 'AMetroidvaniaCharacter': identificador n?o declarado
[2022.01.02-18.49.47:927][468]CompilerResultsLog:    C:\Users\Paulo\Documents\Workspace\Game-Development\Unreal\MetroidvaniaCamCode\Source\MetroidvaniaCamCode\MetroidvaniaCamera.cpp(42) : error C2672: 'Cast': nenhuma fun??o sobrecarregada correspondente encontrada
[2022.01.02-18.49.47:927][468]CompilerResultsLog:    C:\Users\Paulo\Documents\Workspace\Game-Development\Unreal\MetroidvaniaCamCode\Source\MetroidvaniaCamCode\MetroidvaniaCamera.cpp(42) : error C2974: 'Cast': argumento de modelo inv?lido para 'T', tipo esperado
[2022.01.02-18.49.47:927][468]CompilerResultsLog:   D:\Epic Games\UE_4.25\Engine\Source\Runtime\Engine\Classes\Engine/World.h(104): note: consulte a declara??o de 'Cast'
[2022.01.02-18.49.47:927][468]CompilerResultsLog:    C:\Users\Paulo\Documents\Workspace\Game-Development\Unreal\MetroidvaniaCamCode\Source\MetroidvaniaCamCode\MetroidvaniaCamera.cpp(42) : error C2974: 'Cast': argumento de modelo inv?lido para 'To', tipo esperado
[2022.01.02-18.49.47:927][468]CompilerResultsLog:   D:\Epic Games\UE_4.25\Engine\Source\Runtime\CoreUObject\Public\Templates/Casts.h(111): note: consulte a declara??o de 'Cast'
[2022.01.02-18.49.47:927][468]LogMainFrame: MainFrame: Module compiling took 1.470 seconds
[2022.01.02-18.49.47:927][468]Warning: HotReload failed, recompile failed
[2022.01.02-18.50.03:067][270]LogSlate: Window 'Message Log' being destroyed
[2022.01.02-18.50.03:072][270]LogSlate: Window 'Message Log' being destroyed
[2022.01.02-18.54.46:268][334]Candidate modules for hot reload:
[2022.01.02-18.54.46:268][334]  MetroidvaniaCamCode
[2022.01.02-18.54.46:269][334]Launching UnrealBuildTool... [D:/Epic Games/UE_4.25/Engine/Binaries/DotNET/UnrealBuildTool.exe  -ModuleWithSuffix=MetroidvaniaCamCode,4139 MetroidvaniaCamCodeEditor Win64 Development -Project="C:/Users/Paulo/Documents/Workspace/Game-Development/Unreal/MetroidvaniaCamCode/MetroidvaniaCamCode.uproject" "C:/Users/Paulo/Documents/Workspace/Game-Development/Unreal/MetroidvaniaCamCode/MetroidvaniaCamCode.uproject"  -IgnoreJunk]
[2022.01.02-18.54.46:274][334]Warning: Starting HotReload took  0.0s.
[2022.01.02-18.54.47:930][497]CompilerResultsLog: New page: Compilation - Jan 2, 2022, 1:54:47 PM
[2022.01.02-18.54.47:930][497]CompilerResultsLog: Building MetroidvaniaCamCodeEditor...
[2022.01.02-18.54.47:930][497]CompilerResultsLog: Using Visual Studio 2019 14.29.30040 toolchain (C:\Program Files (x86)\Microsoft Visual Studio\2019\Community\VC\Tools\MSVC\14.29.30037) and Windows 10.0.19041.0 SDK (C:\Program Files (x86)\Windows Kits\10).
[2022.01.02-18.54.47:930][497]CompilerResultsLog: Building 3 actions with 16 processes...
[2022.01.02-18.54.47:930][497]CompilerResultsLog:   [1/3] UE4Editor-MetroidvaniaCamCode-4139.lib
[2022.01.02-18.54.47:930][497]CompilerResultsLog:      Criando biblioteca C:\Users\Paulo\Documents\Workspace\Game-Development\Unreal\MetroidvaniaCamCode\Intermediate\Build\Win64\UE4Editor\Development\MetroidvaniaCamCode\UE4Editor-MetroidvaniaCamCode-4139.lib e objeto C:\Users\Paulo\Documents\Workspace\Game-Development\Unreal\MetroidvaniaCamCode\Intermediate\Build\Win64\UE4Editor\Development\MetroidvaniaCamCode\UE4Editor-MetroidvaniaCamCode-4139.exp
[2022.01.02-18.54.47:930][497]CompilerResultsLog:   [2/3] UE4Editor-MetroidvaniaCamCode-4139.dll
[2022.01.02-18.54.47:930][497]CompilerResultsLog:      Criando biblioteca C:\Users\Paulo\Documents\Workspace\Game-Development\Unreal\MetroidvaniaCamCode\Intermediate\Build\Win64\UE4Editor\Development\MetroidvaniaCamCode\UE4Editor-MetroidvaniaCamCode-4139.suppressed.lib e objeto C:\Users\Paulo\Documents\Workspace\Game-Development\Unreal\MetroidvaniaCamCode\Intermediate\Build\Win64\UE4Editor\Development\MetroidvaniaCamCode\UE4Editor-MetroidvaniaCamCode-4139.suppressed.exp
[2022.01.02-18.54.47:930][497]CompilerResultsLog:   [3/3] MetroidvaniaCamCodeEditor.target
[2022.01.02-18.54.47:930][497]CompilerResultsLog: Total time in Parallel executor: 0,91 seconds
[2022.01.02-18.54.47:930][497]CompilerResultsLog: Total execution time: 1,55 seconds
[2022.01.02-18.54.47:930][497]LogMainFrame: MainFrame: Module compiling took 1.665 seconds
[2022.01.02-18.54.47:984][497]LogOutputDevice: Warning: 

Script Stack (0 frames):

[2022.01.02-18.54.47:984][497]LogWindows: Windows GetLastError: A operação foi concluída com êxito. (0)
[2022.01.02-18.54.59:469][497]LogWindows: Error: === Critical error: ===
[2022.01.02-18.54.59:469][497]LogWindows: Error: 
[2022.01.02-18.54.59:469][497]LogWindows: Error: Fatal error: [File:D:/Build/++UE4/Sync/Engine/Source/Runtime/CoreUObject/Private/UObject/UObjectGlobals.cpp] [Line: 2335] 
[2022.01.02-18.54.59:469][497]LogWindows: Error: Objects have the same fully qualified name but different paths.
[2022.01.02-18.54.59:469][497]LogWindows: Error: 	New Object: MetroidvaniaCharacter /Engine/Transient.Default__MetroidvaniaCharacter
[2022.01.02-18.54.59:469][497]LogWindows: Error: 	Existing Object: HOTRELOADED_MetroidvaniaCharacter_1 /Engine/Transient.Default__MetroidvaniaCharacter
[2022.01.02-18.54.59:469][497]LogWindows: Error: 
[2022.01.02-18.54.59:469][497]LogWindows: Error: 
[2022.01.02-18.54.59:469][497]LogWindows: Error: [Callstack] 0x00007ffc11a54f69 KERNELBASE.dll!UnknownFunction []
[2022.01.02-18.54.59:469][497]LogWindows: Error: [Callstack] 0x00007ffbbcd6ec66 UE4Editor-Core.dll!UnknownFunction []
[2022.01.02-18.54.59:469][497]LogWindows: Error: [Callstack] 0x00007ffbbcd72048 UE4Editor-Core.dll!UnknownFunction []
[2022.01.02-18.54.59:469][497]LogWindows: Error: [Callstack] 0x00007ffbbcafe52d UE4Editor-Core.dll!UnknownFunction []
[2022.01.02-18.54.59:469][497]LogWindows: Error: [Callstack] 0x00007ffbbd9bdfca UE4Editor-CoreUObject.dll!UnknownFunction []
[2022.01.02-18.54.59:469][497]LogWindows: Error: [Callstack] 0x00007ffbfb0f2fac UE4Editor-MetroidvaniaCamCode-4139.dll!AMetroidvaniaCharacter::__VTableCtorCaller() [C:\Users\Paulo\Documents\Workspace\Game-Development\Unreal\MetroidvaniaCamCode\Source\MetroidvaniaCamCode\MetroidvaniaCharacter.h:16]
[2022.01.02-18.54.59:469][497]LogWindows: Error: [Callstack] 0x00007ffbbd72f34b UE4Editor-CoreUObject.dll!UnknownFunction []
[2022.01.02-18.54.59:469][497]LogWindows: Error: [Callstack] 0x00007ffbbd72c13d UE4Editor-CoreUObject.dll!UnknownFunction []
[2022.01.02-18.54.59:469][497]LogWindows: Error: [Callstack] 0x00007ffbfb0f3b2b UE4Editor-MetroidvaniaCamCode-4139.dll!AMetroidvaniaCharacter::GetPrivateStaticClass() [C:\Users\Paulo\Documents\Workspace\Game-Development\Unreal\MetroidvaniaCamCode\Intermediate\Build\Win64\UE4Editor\Inc\MetroidvaniaCamCode\MetroidvaniaCharacter.gen.cpp:92]
[2022.01.02-18.54.59:469][497]LogWindows: Error: [Callstack] 0x00007ffbfb0f399f UE4Editor-MetroidvaniaCamCode-4139.dll!TClassCompiledInDefer<AMetroidvaniaCharacter>::Register() [D:\Epic Games\UE_4.25\Engine\Source\Runtime\CoreUObject\Public\UObject\UObjectBase.h:288]
[2022.01.02-18.54.59:469][497]LogWindows: Error: [Callstack] 0x00007ffbbd9c64a3 UE4Editor-CoreUObject.dll!UnknownFunction []
[2022.01.02-18.54.59:469][497]LogWindows: Error: [Callstack] 0x00007ffbbd9a5b6e UE4Editor-CoreUObject.dll!UnknownFunction []
[2022.01.02-18.54.59:469][497]LogWindows: Error: [Callstack] 0x00007ffbbd8c4465 UE4Editor-CoreUObject.dll!UnknownFunction []
[2022.01.02-18.54.59:469][497]LogWindows: Error: [Callstack] 0x00007ffbbcb3986a UE4Editor-Core.dll!UnknownFunction []
[2022.01.02-18.54.59:469][497]LogWindows: Error: [Callstack] 0x00007ffbbcb599f0 UE4Editor-Core.dll!UnknownFunction []
[2022.01.02-18.54.59:469][497]LogWindows: Error: [Callstack] 0x00007ffbbcb58b08 UE4Editor-Core.dll!UnknownFunction []
[2022.01.02-18.54.59:469][497]LogWindows: Error: [Callstack] 0x00007ffb8dd6b9b2 UE4Editor-HotReload.dll!UnknownFunction []
[2022.01.02-18.54.59:469][497]LogWindows: Error: [Callstack] 0x00007ffb8dd69617 UE4Editor-HotReload.dll!UnknownFunction []
[2022.01.02-18.54.59:469][497]LogWindows: Error: [Callstack] 0x00007ffb8dd6a1ad UE4Editor-HotReload.dll!UnknownFunction []
[2022.01.02-18.54.59:469][497]LogWindows: Error: [Callstack] 0x00007ffb8dd7c057 UE4Editor-HotReload.dll!UnknownFunction []
[2022.01.02-18.54.59:469][497]LogWindows: Error: [Callstack] 0x00007ffbbc8bd0a9 UE4Editor-Core.dll!UnknownFunction []
[2022.01.02-18.54.59:469][497]LogWindows: Error: [Callstack] 0x00007ff746fba213 UE4Editor.exe!UnknownFunction []
[2022.01.02-18.54.59:469][497]LogWindows: Error: [Callstack] 0x00007ff746fcba7c UE4Editor.exe!UnknownFunction []
[2022.01.02-18.54.59:469][497]LogWindows: Error: [Callstack] 0x00007ff746fcbb5a UE4Editor.exe!UnknownFunction []
[2022.01.02-18.54.59:469][497]LogWindows: Error: [Callstack] 0x00007ff746fde31d UE4Editor.exe!UnknownFunction []
[2022.01.02-18.54.59:469][497]LogWindows: Error: [Callstack] 0x00007ff746fe145a UE4Editor.exe!UnknownFunction []
[2022.01.02-18.54.59:469][497]LogWindows: Error: [Callstack] 0x00007ffc13867034 KERNEL32.DLL!UnknownFunction []
[2022.01.02-18.54.59:469][497]LogWindows: Error: [Callstack] 0x00007ffc13e02651 ntdll.dll!UnknownFunction []
[2022.01.02-18.54.59:469][497]LogWindows: Error: 
[2022.01.02-18.54.59:482][497]LogExit: Executing StaticShutdownAfterError
[2022.01.02-18.54.59:682][497]LogWindows: FPlatformMisc::RequestExit(1)
[2022.01.02-18.54.59:682][497]LogCore: Engine exit requested (reason: Win RequestExit)
[2022.01.02-18.54.59:724][497]Log file closed, 01/02/22 15:54:59
